{"C:\\Users\\matheus.cataneo\\MyAlbumPro\\frontend\\app\\src\\App.tsx": {"path":"C:\\Users\\matheus.cataneo\\MyAlbumPro\\frontend\\app\\src\\App.tsx","all":false,"statementMap":{"0":{"start":{"line":1,"column":0},"end":{"line":1,"column":40}},"1":{"start":{"line":2,"column":0},"end":{"line":2,"column":74}},"2":{"start":{"line":3,"column":0},"end":{"line":3,"column":53}},"4":{"start":{"line":5,"column":0},"end":{"line":5,"column":59}},"5":{"start":{"line":6,"column":0},"end":{"line":6,"column":65}},"6":{"start":{"line":7,"column":0},"end":{"line":7,"column":61}},"7":{"start":{"line":8,"column":0},"end":{"line":8,"column":61}},"9":{"start":{"line":10,"column":0},"end":{"line":10,"column":23}},"10":{"start":{"line":11,"column":0},"end":{"line":11,"column":10}},"11":{"start":{"line":12,"column":0},"end":{"line":12,"column":19}},"12":{"start":{"line":13,"column":0},"end":{"line":13,"column":20}},"13":{"start":{"line":14,"column":0},"end":{"line":14,"column":85}},"14":{"start":{"line":15,"column":0},"end":{"line":15,"column":18}},"15":{"start":{"line":16,"column":0},"end":{"line":16,"column":59}},"16":{"start":{"line":17,"column":0},"end":{"line":17,"column":65}},"17":{"start":{"line":18,"column":0},"end":{"line":18,"column":72}},"18":{"start":{"line":19,"column":0},"end":{"line":19,"column":72}},"19":{"start":{"line":20,"column":0},"end":{"line":20,"column":76}},"20":{"start":{"line":21,"column":0},"end":{"line":21,"column":19}},"21":{"start":{"line":22,"column":0},"end":{"line":22,"column":19}},"22":{"start":{"line":23,"column":0},"end":{"line":23,"column":21}},"23":{"start":{"line":24,"column":0},"end":{"line":24,"column":20}},"25":{"start":{"line":26,"column":0},"end":{"line":26,"column":1}},"27":{"start":{"line":28,"column":0},"end":{"line":28,"column":19}}},"s":{"0":1,"1":1,"2":1,"4":1,"5":1,"6":1,"7":1,"9":1,"10":0,"11":0,"12":0,"13":0,"14":0,"15":0,"16":0,"17":0,"18":0,"19":0,"20":0,"21":0,"22":0,"23":0,"25":0,"27":1},"branchMap":{},"b":{},"fnMap":{"0":{"name":"App","decl":{"start":{"line":10,"column":7},"end":{"line":26,"column":1}},"loc":{"start":{"line":10,"column":7},"end":{"line":26,"column":1}},"line":10}},"f":{"0":0}}
,"C:\\Users\\matheus.cataneo\\MyAlbumPro\\frontend\\app\\src\\components\\EditorToolbar.tsx": {"path":"C:\\Users\\matheus.cataneo\\MyAlbumPro\\frontend\\app\\src\\components\\EditorToolbar.tsx","all":false,"statementMap":{"2":{"start":{"line":3,"column":0},"end":{"line":3,"column":31}},"3":{"start":{"line":4,"column":0},"end":{"line":4,"column":13}},"4":{"start":{"line":5,"column":0},"end":{"line":5,"column":15}},"5":{"start":{"line":6,"column":0},"end":{"line":6,"column":10}},"6":{"start":{"line":7,"column":0},"end":{"line":7,"column":10}},"7":{"start":{"line":8,"column":0},"end":{"line":8,"column":20}},"8":{"start":{"line":9,"column":0},"end":{"line":9,"column":9}},"9":{"start":{"line":10,"column":0},"end":{"line":10,"column":13}},"10":{"start":{"line":11,"column":0},"end":{"line":11,"column":12}},"11":{"start":{"line":12,"column":0},"end":{"line":12,"column":9}},"12":{"start":{"line":13,"column":0},"end":{"line":13,"column":9}},"13":{"start":{"line":14,"column":0},"end":{"line":14,"column":4}},"24":{"start":{"line":25,"column":0},"end":{"line":25,"column":4}},"25":{"start":{"line":26,"column":0},"end":{"line":26,"column":10}},"26":{"start":{"line":27,"column":0},"end":{"line":27,"column":139}},"27":{"start":{"line":28,"column":0},"end":{"line":28,"column":47}},"28":{"start":{"line":29,"column":0},"end":{"line":29,"column":56}},"29":{"start":{"line":30,"column":0},"end":{"line":30,"column":15}},"30":{"start":{"line":31,"column":0},"end":{"line":31,"column":30}},"31":{"start":{"line":32,"column":0},"end":{"line":32,"column":69}},"32":{"start":{"line":33,"column":0},"end":{"line":33,"column":102}},"34":{"start":{"line":35,"column":0},"end":{"line":35,"column":37}},"35":{"start":{"line":36,"column":0},"end":{"line":36,"column":54}},"36":{"start":{"line":37,"column":0},"end":{"line":37,"column":25}},"37":{"start":{"line":38,"column":0},"end":{"line":38,"column":21}},"38":{"start":{"line":39,"column":0},"end":{"line":39,"column":13}},"39":{"start":{"line":40,"column":0},"end":{"line":40,"column":17}},"40":{"start":{"line":41,"column":0},"end":{"line":41,"column":12}},"41":{"start":{"line":42,"column":0},"end":{"line":42,"column":47}},"42":{"start":{"line":43,"column":0},"end":{"line":43,"column":15}},"43":{"start":{"line":44,"column":0},"end":{"line":44,"column":195}},"44":{"start":{"line":45,"column":0},"end":{"line":45,"column":26}},"45":{"start":{"line":46,"column":0},"end":{"line":46,"column":29}},"46":{"start":{"line":47,"column":0},"end":{"line":47,"column":9}},"48":{"start":{"line":49,"column":0},"end":{"line":49,"column":17}},"49":{"start":{"line":50,"column":0},"end":{"line":50,"column":15}},"50":{"start":{"line":51,"column":0},"end":{"line":51,"column":195}},"51":{"start":{"line":52,"column":0},"end":{"line":52,"column":26}},"52":{"start":{"line":53,"column":0},"end":{"line":53,"column":29}},"53":{"start":{"line":54,"column":0},"end":{"line":54,"column":9}},"55":{"start":{"line":56,"column":0},"end":{"line":56,"column":17}},"56":{"start":{"line":57,"column":0},"end":{"line":57,"column":12}},"57":{"start":{"line":58,"column":0},"end":{"line":58,"column":42}},"58":{"start":{"line":59,"column":0},"end":{"line":59,"column":15}},"59":{"start":{"line":60,"column":0},"end":{"line":60,"column":117}},"60":{"start":{"line":61,"column":0},"end":{"line":61,"column":30}},"61":{"start":{"line":62,"column":0},"end":{"line":62,"column":9}},"63":{"start":{"line":64,"column":0},"end":{"line":64,"column":17}},"64":{"start":{"line":65,"column":0},"end":{"line":65,"column":15}},"65":{"start":{"line":66,"column":0},"end":{"line":66,"column":117}},"66":{"start":{"line":67,"column":0},"end":{"line":67,"column":29}},"67":{"start":{"line":68,"column":0},"end":{"line":68,"column":9}},"69":{"start":{"line":70,"column":0},"end":{"line":70,"column":17}},"70":{"start":{"line":71,"column":0},"end":{"line":71,"column":15}},"71":{"start":{"line":72,"column":0},"end":{"line":72,"column":103}},"72":{"start":{"line":73,"column":0},"end":{"line":73,"column":26}},"73":{"start":{"line":74,"column":0},"end":{"line":74,"column":9}},"75":{"start":{"line":76,"column":0},"end":{"line":76,"column":17}},"76":{"start":{"line":77,"column":0},"end":{"line":77,"column":12}},"77":{"start":{"line":78,"column":0},"end":{"line":78,"column":10}},"79":{"start":{"line":80,"column":0},"end":{"line":80,"column":1}},"81":{"start":{"line":82,"column":0},"end":{"line":82,"column":29}}},"s":{"2":1,"3":1,"4":1,"5":1,"6":1,"7":1,"8":1,"9":1,"10":1,"11":1,"12":1,"13":1,"24":1,"25":1,"26":1,"27":1,"28":1,"29":1,"30":1,"31":1,"32":1,"34":1,"35":2,"36":2,"37":2,"38":1,"39":1,"40":1,"41":1,"42":1,"43":1,"44":1,"45":1,"46":1,"48":1,"49":1,"50":1,"51":1,"52":1,"53":1,"55":1,"56":1,"57":1,"58":1,"59":1,"60":1,"61":1,"63":1,"64":1,"65":1,"66":1,"67":1,"69":1,"70":1,"71":1,"72":1,"73":1,"75":1,"76":1,"77":1,"79":1,"81":1},"branchMap":{"0":{"type":"branch","line":3,"loc":{"start":{"line":3,"column":7},"end":{"line":80,"column":1}},"locations":[{"start":{"line":3,"column":7},"end":{"line":80,"column":1}}]},"1":{"type":"branch","line":32,"loc":{"start":{"line":32,"column":20},"end":{"line":32,"column":69}},"locations":[{"start":{"line":32,"column":20},"end":{"line":32,"column":69}}]},"2":{"type":"branch","line":35,"loc":{"start":{"line":35,"column":26},"end":{"line":38,"column":21}},"locations":[{"start":{"line":35,"column":26},"end":{"line":38,"column":21}}]}},"b":{"0":[1],"1":[1],"2":[2]},"fnMap":{"0":{"name":"EditorToolbar","decl":{"start":{"line":3,"column":7},"end":{"line":80,"column":1}},"loc":{"start":{"line":3,"column":7},"end":{"line":80,"column":1}},"line":3},"1":{"name":"onChange","decl":{"start":{"line":32,"column":20},"end":{"line":32,"column":69}},"loc":{"start":{"line":32,"column":20},"end":{"line":32,"column":69}},"line":32}},"f":{"0":1,"1":1}}
,"C:\\Users\\matheus.cataneo\\MyAlbumPro\\frontend\\app\\src\\components\\FullScreenViewer.tsx": {"path":"C:\\Users\\matheus.cataneo\\MyAlbumPro\\frontend\\app\\src\\components\\FullScreenViewer.tsx","all":false,"statementMap":{"0":{"start":{"line":1,"column":0},"end":{"line":1,"column":34}},"2":{"start":{"line":3,"column":0},"end":{"line":3,"column":38}},"11":{"start":{"line":12,"column":0},"end":{"line":12,"column":86}},"12":{"start":{"line":13,"column":0},"end":{"line":13,"column":48}},"13":{"start":{"line":14,"column":0},"end":{"line":14,"column":85}},"14":{"start":{"line":15,"column":0},"end":{"line":15,"column":85}},"15":{"start":{"line":16,"column":0},"end":{"line":16,"column":40}},"16":{"start":{"line":17,"column":0},"end":{"line":17,"column":42}},"18":{"start":{"line":19,"column":0},"end":{"line":19,"column":10}},"19":{"start":{"line":20,"column":0},"end":{"line":20,"column":84}},"20":{"start":{"line":21,"column":0},"end":{"line":21,"column":96}},"21":{"start":{"line":22,"column":0},"end":{"line":22,"column":13}},"22":{"start":{"line":23,"column":0},"end":{"line":23,"column":65}},"23":{"start":{"line":24,"column":0},"end":{"line":24,"column":48}},"24":{"start":{"line":25,"column":0},"end":{"line":25,"column":60}},"25":{"start":{"line":26,"column":0},"end":{"line":26,"column":14}},"26":{"start":{"line":27,"column":0},"end":{"line":27,"column":14}},"27":{"start":{"line":28,"column":0},"end":{"line":28,"column":15}},"28":{"start":{"line":29,"column":0},"end":{"line":29,"column":97}},"29":{"start":{"line":30,"column":0},"end":{"line":30,"column":27}},"30":{"start":{"line":31,"column":0},"end":{"line":31,"column":9}},"32":{"start":{"line":33,"column":0},"end":{"line":33,"column":17}},"33":{"start":{"line":34,"column":0},"end":{"line":34,"column":15}},"34":{"start":{"line":35,"column":0},"end":{"line":35,"column":68}},"35":{"start":{"line":36,"column":0},"end":{"line":36,"column":110}},"36":{"start":{"line":37,"column":0},"end":{"line":37,"column":13}},"37":{"start":{"line":38,"column":0},"end":{"line":38,"column":96}},"38":{"start":{"line":39,"column":0},"end":{"line":39,"column":15}},"39":{"start":{"line":40,"column":0},"end":{"line":40,"column":97}},"40":{"start":{"line":41,"column":0},"end":{"line":41,"column":69}},"41":{"start":{"line":42,"column":0},"end":{"line":42,"column":36}},"42":{"start":{"line":43,"column":0},"end":{"line":43,"column":9}},"44":{"start":{"line":45,"column":0},"end":{"line":45,"column":17}},"45":{"start":{"line":46,"column":0},"end":{"line":46,"column":15}},"46":{"start":{"line":47,"column":0},"end":{"line":47,"column":97}},"47":{"start":{"line":48,"column":0},"end":{"line":48,"column":92}},"48":{"start":{"line":49,"column":0},"end":{"line":49,"column":59}},"49":{"start":{"line":50,"column":0},"end":{"line":50,"column":9}},"51":{"start":{"line":52,"column":0},"end":{"line":52,"column":17}},"52":{"start":{"line":53,"column":0},"end":{"line":53,"column":15}},"53":{"start":{"line":54,"column":0},"end":{"line":54,"column":10}},"55":{"start":{"line":56,"column":0},"end":{"line":56,"column":1}},"57":{"start":{"line":58,"column":0},"end":{"line":58,"column":32}}},"s":{"0":1,"2":1,"11":1,"12":4,"13":4,"14":4,"15":4,"16":4,"18":4,"19":4,"20":4,"21":4,"22":4,"23":4,"24":4,"25":4,"26":4,"27":4,"28":4,"29":4,"30":4,"32":4,"33":4,"34":4,"35":4,"36":4,"37":4,"38":4,"39":4,"40":4,"41":4,"42":4,"44":4,"45":4,"46":4,"47":4,"48":4,"49":4,"51":4,"52":4,"53":4,"55":4,"57":1},"branchMap":{"0":{"type":"branch","line":12,"loc":{"start":{"line":12,"column":7},"end":{"line":56,"column":1}},"locations":[{"start":{"line":12,"column":7},"end":{"line":56,"column":1}}]},"1":{"type":"branch","line":36,"loc":{"start":{"line":36,"column":9},"end":{"line":36,"column":81}},"locations":[{"start":{"line":36,"column":9},"end":{"line":36,"column":81}}]},"2":{"type":"branch","line":36,"loc":{"start":{"line":36,"column":76},"end":{"line":36,"column":110}},"locations":[{"start":{"line":36,"column":76},"end":{"line":36,"column":110}}]},"3":{"type":"branch","line":14,"loc":{"start":{"line":14,"column":51},"end":{"line":14,"column":82}},"locations":[{"start":{"line":14,"column":51},"end":{"line":14,"column":82}}]},"4":{"type":"branch","line":15,"loc":{"start":{"line":15,"column":49},"end":{"line":15,"column":82}},"locations":[{"start":{"line":15,"column":49},"end":{"line":15,"column":82}}]}},"b":{"0":[4],"1":[3],"2":[1],"3":[5],"4":[4]},"fnMap":{"0":{"name":"FullScreenViewer","decl":{"start":{"line":12,"column":7},"end":{"line":56,"column":1}},"loc":{"start":{"line":12,"column":7},"end":{"line":56,"column":1}},"line":12},"1":{"name":"onClick","decl":{"start":{"line":41,"column":19},"end":{"line":41,"column":69}},"loc":{"start":{"line":41,"column":19},"end":{"line":41,"column":69}},"line":41},"2":{"name":"onClick","decl":{"start":{"line":48,"column":19},"end":{"line":48,"column":92}},"loc":{"start":{"line":48,"column":19},"end":{"line":48,"column":92}},"line":48}},"f":{"0":4,"1":0,"2":0}}
,"C:\\Users\\matheus.cataneo\\MyAlbumPro\\frontend\\app\\src\\components\\LayoutPicker.tsx": {"path":"C:\\Users\\matheus.cataneo\\MyAlbumPro\\frontend\\app\\src\\components\\LayoutPicker.tsx","all":false,"statementMap":{"0":{"start":{"line":1,"column":0},"end":{"line":1,"column":31}},"3":{"start":{"line":4,"column":0},"end":{"line":4,"column":30}},"4":{"start":{"line":5,"column":0},"end":{"line":5,"column":10}},"5":{"start":{"line":6,"column":0},"end":{"line":6,"column":18}},"6":{"start":{"line":7,"column":0},"end":{"line":7,"column":11}},"7":{"start":{"line":8,"column":0},"end":{"line":8,"column":4}},"11":{"start":{"line":12,"column":0},"end":{"line":12,"column":4}},"12":{"start":{"line":13,"column":0},"end":{"line":13,"column":10}},"13":{"start":{"line":14,"column":0},"end":{"line":14,"column":31}},"14":{"start":{"line":15,"column":0},"end":{"line":15,"column":83}},"15":{"start":{"line":16,"column":0},"end":{"line":16,"column":46}},"16":{"start":{"line":17,"column":0},"end":{"line":17,"column":34}},"17":{"start":{"line":18,"column":0},"end":{"line":18,"column":17}},"18":{"start":{"line":19,"column":0},"end":{"line":19,"column":27}},"19":{"start":{"line":20,"column":0},"end":{"line":20,"column":44}},"20":{"start":{"line":21,"column":0},"end":{"line":21,"column":28}},"21":{"start":{"line":22,"column":0},"end":{"line":22,"column":140}},"22":{"start":{"line":23,"column":0},"end":{"line":23,"column":97}},"23":{"start":{"line":24,"column":0},"end":{"line":24,"column":14}},"25":{"start":{"line":26,"column":0},"end":{"line":26,"column":67}},"26":{"start":{"line":27,"column":0},"end":{"line":27,"column":70}},"27":{"start":{"line":28,"column":0},"end":{"line":28,"column":43}},"28":{"start":{"line":29,"column":0},"end":{"line":29,"column":20}},"29":{"start":{"line":30,"column":0},"end":{"line":30,"column":35}},"30":{"start":{"line":31,"column":0},"end":{"line":31,"column":26}},"31":{"start":{"line":32,"column":0},"end":{"line":32,"column":82}},"32":{"start":{"line":33,"column":0},"end":{"line":33,"column":80}},"33":{"start":{"line":34,"column":0},"end":{"line":34,"column":20}},"34":{"start":{"line":35,"column":0},"end":{"line":35,"column":50}},"35":{"start":{"line":36,"column":0},"end":{"line":36,"column":18}},"36":{"start":{"line":37,"column":0},"end":{"line":37,"column":17}},"37":{"start":{"line":38,"column":0},"end":{"line":38,"column":18}},"38":{"start":{"line":39,"column":0},"end":{"line":39,"column":19}},"39":{"start":{"line":40,"column":0},"end":{"line":40,"column":11}},"40":{"start":{"line":41,"column":0},"end":{"line":41,"column":12}},"41":{"start":{"line":42,"column":0},"end":{"line":42,"column":10}},"43":{"start":{"line":44,"column":0},"end":{"line":44,"column":1}},"45":{"start":{"line":46,"column":0},"end":{"line":46,"column":28}}},"s":{"0":1,"3":1,"4":0,"5":0,"6":0,"7":0,"11":0,"12":0,"13":0,"14":0,"15":0,"16":0,"17":0,"18":0,"19":0,"20":0,"21":0,"22":0,"23":0,"25":0,"26":0,"27":0,"28":0,"29":0,"30":0,"31":0,"32":0,"33":0,"34":0,"35":0,"36":0,"37":0,"38":0,"39":0,"40":0,"41":0,"43":0,"45":1},"branchMap":{},"b":{},"fnMap":{"0":{"name":"LayoutPicker","decl":{"start":{"line":4,"column":7},"end":{"line":44,"column":1}},"loc":{"start":{"line":4,"column":7},"end":{"line":44,"column":1}},"line":4}},"f":{"0":0}}
,"C:\\Users\\matheus.cataneo\\MyAlbumPro\\frontend\\app\\src\\components\\PageCanvas.tsx": {"path":"C:\\Users\\matheus.cataneo\\MyAlbumPro\\frontend\\app\\src\\components\\PageCanvas.tsx","all":false,"statementMap":{"1":{"start":{"line":2,"column":0},"end":{"line":2,"column":45}},"2":{"start":{"line":3,"column":0},"end":{"line":3,"column":30}},"3":{"start":{"line":4,"column":0},"end":{"line":4,"column":54}},"13":{"start":{"line":14,"column":0},"end":{"line":14,"column":75}},"14":{"start":{"line":15,"column":0},"end":{"line":15,"column":47}},"15":{"start":{"line":16,"column":0},"end":{"line":16,"column":36}},"16":{"start":{"line":17,"column":0},"end":{"line":17,"column":62}},"17":{"start":{"line":18,"column":0},"end":{"line":18,"column":5}},"18":{"start":{"line":19,"column":0},"end":{"line":19,"column":63}},"20":{"start":{"line":21,"column":0},"end":{"line":21,"column":32}},"21":{"start":{"line":22,"column":0},"end":{"line":22,"column":35}},"22":{"start":{"line":23,"column":0},"end":{"line":23,"column":34}},"23":{"start":{"line":24,"column":0},"end":{"line":24,"column":40}},"24":{"start":{"line":25,"column":0},"end":{"line":25,"column":42}},"25":{"start":{"line":26,"column":0},"end":{"line":26,"column":4}},"27":{"start":{"line":28,"column":0},"end":{"line":28,"column":48}},"29":{"start":{"line":30,"column":0},"end":{"line":30,"column":10}},"30":{"start":{"line":31,"column":0},"end":{"line":31,"column":8}},"31":{"start":{"line":32,"column":0},"end":{"line":32,"column":22}},"32":{"start":{"line":33,"column":0},"end":{"line":33,"column":19}},"33":{"start":{"line":34,"column":0},"end":{"line":34,"column":64}},"34":{"start":{"line":35,"column":0},"end":{"line":35,"column":22}},"35":{"start":{"line":36,"column":0},"end":{"line":36,"column":112}},"36":{"start":{"line":37,"column":0},"end":{"line":37,"column":57}},"37":{"start":{"line":38,"column":0},"end":{"line":38,"column":51}},"38":{"start":{"line":39,"column":0},"end":{"line":39,"column":8}},"40":{"start":{"line":41,"column":0},"end":{"line":41,"column":19}},"41":{"start":{"line":42,"column":0},"end":{"line":42,"column":12}},"42":{"start":{"line":43,"column":0},"end":{"line":43,"column":93}},"43":{"start":{"line":44,"column":0},"end":{"line":44,"column":31}},"44":{"start":{"line":45,"column":0},"end":{"line":45,"column":59}},"45":{"start":{"line":46,"column":0},"end":{"line":46,"column":10}},"47":{"start":{"line":48,"column":0},"end":{"line":48,"column":99}},"48":{"start":{"line":49,"column":0},"end":{"line":49,"column":50}},"49":{"start":{"line":50,"column":0},"end":{"line":50,"column":14}},"51":{"start":{"line":52,"column":0},"end":{"line":52,"column":10}},"53":{"start":{"line":54,"column":0},"end":{"line":54,"column":1}},"55":{"start":{"line":56,"column":0},"end":{"line":56,"column":117}},"56":{"start":{"line":57,"column":0},"end":{"line":57,"column":10}},"57":{"start":{"line":58,"column":0},"end":{"line":58,"column":139}},"58":{"start":{"line":59,"column":0},"end":{"line":59,"column":87}},"59":{"start":{"line":60,"column":0},"end":{"line":60,"column":37}},"60":{"start":{"line":61,"column":0},"end":{"line":61,"column":82}},"61":{"start":{"line":62,"column":0},"end":{"line":62,"column":81}},"62":{"start":{"line":63,"column":0},"end":{"line":63,"column":18}},"63":{"start":{"line":64,"column":0},"end":{"line":64,"column":115}},"65":{"start":{"line":66,"column":0},"end":{"line":66,"column":11}},"66":{"start":{"line":67,"column":0},"end":{"line":67,"column":12}},"67":{"start":{"line":68,"column":0},"end":{"line":68,"column":10}},"69":{"start":{"line":70,"column":0},"end":{"line":70,"column":1}},"71":{"start":{"line":72,"column":0},"end":{"line":72,"column":26}}},"s":{"1":1,"2":1,"3":1,"13":4,"14":4,"15":4,"16":4,"17":4,"18":4,"20":4,"21":4,"22":4,"23":4,"24":4,"25":4,"27":4,"29":4,"30":4,"31":4,"32":4,"33":4,"34":4,"35":4,"36":4,"37":4,"38":4,"40":4,"41":4,"42":4,"43":4,"44":4,"45":4,"47":0,"48":0,"49":0,"51":4,"53":4,"55":1,"56":4,"57":4,"58":4,"59":4,"60":4,"61":4,"62":4,"63":4,"65":4,"66":4,"67":4,"69":4,"71":1},"branchMap":{"0":{"type":"branch","line":14,"loc":{"start":{"line":14,"column":0},"end":{"line":54,"column":1}},"locations":[{"start":{"line":14,"column":0},"end":{"line":54,"column":1}}]},"1":{"type":"branch","line":37,"loc":{"start":{"line":37,"column":8},"end":{"line":37,"column":57}},"locations":[{"start":{"line":37,"column":8},"end":{"line":37,"column":57}}]},"2":{"type":"branch","line":43,"loc":{"start":{"line":43,"column":22},"end":{"line":43,"column":93}},"locations":[{"start":{"line":43,"column":22},"end":{"line":43,"column":93}}]},"3":{"type":"branch","line":46,"loc":{"start":{"line":46,"column":8},"end":{"line":50,"column":14}},"locations":[{"start":{"line":46,"column":8},"end":{"line":50,"column":14}}]},"4":{"type":"branch","line":19,"loc":{"start":{"line":19,"column":35},"end":{"line":19,"column":61}},"locations":[{"start":{"line":19,"column":35},"end":{"line":19,"column":61}}]},"5":{"type":"branch","line":34,"loc":{"start":{"line":34,"column":21},"end":{"line":34,"column":64}},"locations":[{"start":{"line":34,"column":21},"end":{"line":34,"column":64}}]},"6":{"type":"branch","line":56,"loc":{"start":{"line":56,"column":7},"end":{"line":70,"column":1}},"locations":[{"start":{"line":56,"column":7},"end":{"line":70,"column":1}}]},"7":{"type":"branch","line":60,"loc":{"start":{"line":60,"column":26},"end":{"line":66,"column":9}},"locations":[{"start":{"line":60,"column":26},"end":{"line":66,"column":9}}]},"8":{"type":"branch","line":62,"loc":{"start":{"line":62,"column":67},"end":{"line":62,"column":81}},"locations":[{"start":{"line":62,"column":67},"end":{"line":62,"column":81}}]},"9":{"type":"branch","line":61,"loc":{"start":{"line":61,"column":43},"end":{"line":61,"column":80}},"locations":[{"start":{"line":61,"column":43},"end":{"line":61,"column":80}}]}},"b":{"0":[4],"1":[0],"2":[0],"3":[0],"4":[13],"5":[1],"6":[4],"7":[4],"8":[0],"9":[4]},"fnMap":{"0":{"name":"SlotView","decl":{"start":{"line":14,"column":0},"end":{"line":54,"column":1}},"loc":{"start":{"line":14,"column":0},"end":{"line":54,"column":1}},"line":14},"1":{"name":"onDoubleClick","decl":{"start":{"line":34,"column":21},"end":{"line":34,"column":64}},"loc":{"start":{"line":34,"column":21},"end":{"line":34,"column":64}},"line":34},"2":{"name":"PageCanvas","decl":{"start":{"line":56,"column":7},"end":{"line":70,"column":1}},"loc":{"start":{"line":56,"column":7},"end":{"line":70,"column":1}},"line":56}},"f":{"0":4,"1":1,"2":4}}
,"C:\\Users\\matheus.cataneo\\MyAlbumPro\\frontend\\app\\src\\components\\ThumbnailStrip.tsx": {"path":"C:\\Users\\matheus.cataneo\\MyAlbumPro\\frontend\\app\\src\\components\\ThumbnailStrip.tsx","all":false,"statementMap":{"0":{"start":{"line":1,"column":0},"end":{"line":1,"column":46}},"1":{"start":{"line":2,"column":0},"end":{"line":2,"column":30}},"3":{"start":{"line":4,"column":0},"end":{"line":4,"column":54}},"5":{"start":{"line":6,"column":0},"end":{"line":6,"column":87}},"6":{"start":{"line":7,"column":0},"end":{"line":7,"column":85}},"7":{"start":{"line":8,"column":0},"end":{"line":8,"column":22}},"8":{"start":{"line":9,"column":0},"end":{"line":9,"column":52}},"9":{"start":{"line":10,"column":0},"end":{"line":10,"column":5}},"11":{"start":{"line":12,"column":0},"end":{"line":12,"column":25}},"12":{"start":{"line":13,"column":0},"end":{"line":13,"column":7}},"13":{"start":{"line":14,"column":0},"end":{"line":14,"column":71}},"14":{"start":{"line":15,"column":0},"end":{"line":15,"column":7}},"15":{"start":{"line":16,"column":0},"end":{"line":16,"column":16}},"17":{"start":{"line":18,"column":0},"end":{"line":18,"column":67}},"19":{"start":{"line":20,"column":0},"end":{"line":20,"column":10}},"20":{"start":{"line":21,"column":0},"end":{"line":21,"column":11}},"21":{"start":{"line":22,"column":0},"end":{"line":22,"column":22}},"22":{"start":{"line":23,"column":0},"end":{"line":23,"column":19}},"23":{"start":{"line":24,"column":0},"end":{"line":24,"column":20}},"24":{"start":{"line":25,"column":0},"end":{"line":25,"column":21}},"25":{"start":{"line":26,"column":0},"end":{"line":26,"column":48}},"26":{"start":{"line":27,"column":0},"end":{"line":27,"column":22}},"27":{"start":{"line":28,"column":0},"end":{"line":28,"column":83}},"28":{"start":{"line":29,"column":0},"end":{"line":29,"column":118}},"29":{"start":{"line":30,"column":0},"end":{"line":30,"column":40}},"30":{"start":{"line":31,"column":0},"end":{"line":31,"column":8}},"32":{"start":{"line":33,"column":0},"end":{"line":33,"column":10}},"33":{"start":{"line":34,"column":0},"end":{"line":34,"column":89}},"34":{"start":{"line":35,"column":0},"end":{"line":35,"column":28}},"35":{"start":{"line":36,"column":0},"end":{"line":36,"column":46}},"36":{"start":{"line":37,"column":0},"end":{"line":37,"column":8}},"37":{"start":{"line":38,"column":0},"end":{"line":38,"column":97}},"38":{"start":{"line":39,"column":0},"end":{"line":39,"column":24}},"39":{"start":{"line":40,"column":0},"end":{"line":40,"column":13}},"40":{"start":{"line":41,"column":0},"end":{"line":41,"column":13}},"42":{"start":{"line":43,"column":0},"end":{"line":43,"column":1}},"44":{"start":{"line":45,"column":0},"end":{"line":45,"column":65}},"45":{"start":{"line":46,"column":0},"end":{"line":46,"column":75}},"47":{"start":{"line":48,"column":0},"end":{"line":48,"column":10}},"48":{"start":{"line":49,"column":0},"end":{"line":49,"column":100}},"49":{"start":{"line":50,"column":0},"end":{"line":50,"column":30}},"50":{"start":{"line":51,"column":0},"end":{"line":51,"column":107}},"51":{"start":{"line":52,"column":0},"end":{"line":52,"column":9}},"52":{"start":{"line":53,"column":0},"end":{"line":53,"column":10}},"54":{"start":{"line":55,"column":0},"end":{"line":55,"column":1}},"56":{"start":{"line":57,"column":0},"end":{"line":57,"column":30}}},"s":{"0":1,"1":1,"3":1,"5":2,"6":2,"7":2,"8":2,"9":2,"11":2,"12":0,"13":0,"14":0,"15":2,"17":2,"19":2,"20":2,"21":2,"22":2,"23":2,"24":2,"25":2,"26":2,"27":2,"28":2,"29":2,"30":2,"32":2,"33":2,"34":2,"35":2,"36":2,"37":2,"38":2,"39":2,"40":2,"42":2,"44":1,"45":2,"47":2,"48":2,"49":2,"50":2,"51":2,"52":2,"54":2,"56":1},"branchMap":{"0":{"type":"branch","line":6,"loc":{"start":{"line":6,"column":0},"end":{"line":43,"column":1}},"locations":[{"start":{"line":6,"column":0},"end":{"line":43,"column":1}}]},"1":{"type":"branch","line":12,"loc":{"start":{"line":12,"column":16},"end":{"line":15,"column":7}},"locations":[{"start":{"line":12,"column":16},"end":{"line":15,"column":7}}]},"2":{"type":"branch","line":29,"loc":{"start":{"line":29,"column":8},"end":{"line":29,"column":76}},"locations":[{"start":{"line":29,"column":8},"end":{"line":29,"column":76}}]},"3":{"type":"branch","line":29,"loc":{"start":{"line":29,"column":21},"end":{"line":29,"column":118}},"locations":[{"start":{"line":29,"column":21},"end":{"line":29,"column":118}}]},"4":{"type":"branch","line":30,"loc":{"start":{"line":30,"column":8},"end":{"line":30,"column":40}},"locations":[{"start":{"line":30,"column":8},"end":{"line":30,"column":40}}]},"5":{"type":"branch","line":34,"loc":{"start":{"line":34,"column":19},"end":{"line":34,"column":89}},"locations":[{"start":{"line":34,"column":19},"end":{"line":34,"column":89}}]},"6":{"type":"branch","line":18,"loc":{"start":{"line":18,"column":37},"end":{"line":18,"column":65}},"locations":[{"start":{"line":18,"column":37},"end":{"line":18,"column":65}}]},"7":{"type":"branch","line":26,"loc":{"start":{"line":26,"column":15},"end":{"line":26,"column":48}},"locations":[{"start":{"line":26,"column":15},"end":{"line":26,"column":48}}]},"8":{"type":"branch","line":45,"loc":{"start":{"line":45,"column":7},"end":{"line":55,"column":1}},"locations":[{"start":{"line":45,"column":7},"end":{"line":55,"column":1}}]},"9":{"type":"branch","line":46,"loc":{"start":{"line":46,"column":41},"end":{"line":46,"column":73}},"locations":[{"start":{"line":46,"column":41},"end":{"line":46,"column":73}}]},"10":{"type":"branch","line":50,"loc":{"start":{"line":50,"column":18},"end":{"line":51,"column":107}},"locations":[{"start":{"line":50,"column":18},"end":{"line":51,"column":107}}]}},"b":{"0":[2],"1":[0],"2":[1],"3":[1],"4":[0],"5":[0],"6":[7],"7":[1],"8":[2],"9":[7],"10":[2]},"fnMap":{"0":{"name":"DraggableThumb","decl":{"start":{"line":6,"column":0},"end":{"line":43,"column":1}},"loc":{"start":{"line":6,"column":0},"end":{"line":43,"column":1}},"line":6},"1":{"name":"onClick","decl":{"start":{"line":26,"column":15},"end":{"line":26,"column":48}},"loc":{"start":{"line":26,"column":15},"end":{"line":26,"column":48}},"line":26},"2":{"name":"ThumbnailStrip","decl":{"start":{"line":45,"column":7},"end":{"line":55,"column":1}},"loc":{"start":{"line":45,"column":7},"end":{"line":55,"column":1}},"line":45}},"f":{"0":2,"1":1,"2":2}}
,"C:\\Users\\matheus.cataneo\\MyAlbumPro\\frontend\\app\\src\\context\\AuthContext.tsx": {"path":"C:\\Users\\matheus.cataneo\\MyAlbumPro\\frontend\\app\\src\\context\\AuthContext.tsx","all":false,"statementMap":{"0":{"start":{"line":1,"column":0},"end":{"line":1,"column":110}},"2":{"start":{"line":3,"column":0},"end":{"line":3,"column":43}},"3":{"start":{"line":4,"column":0},"end":{"line":4,"column":70}},"13":{"start":{"line":14,"column":0},"end":{"line":14,"column":75}},"15":{"start":{"line":16,"column":0},"end":{"line":16,"column":69}},"16":{"start":{"line":17,"column":0},"end":{"line":17,"column":91}},"17":{"start":{"line":18,"column":0},"end":{"line":18,"column":51}},"19":{"start":{"line":20,"column":0},"end":{"line":20,"column":60}},"20":{"start":{"line":21,"column":0},"end":{"line":21,"column":24}},"21":{"start":{"line":22,"column":0},"end":{"line":22,"column":17}},"22":{"start":{"line":23,"column":0},"end":{"line":23,"column":21}},"23":{"start":{"line":24,"column":0},"end":{"line":24,"column":13}},"24":{"start":{"line":25,"column":0},"end":{"line":25,"column":5}},"26":{"start":{"line":27,"column":0},"end":{"line":27,"column":33}},"27":{"start":{"line":28,"column":0},"end":{"line":28,"column":18}},"28":{"start":{"line":29,"column":0},"end":{"line":29,"column":46}},"29":{"start":{"line":30,"column":0},"end":{"line":30,"column":5}},"30":{"start":{"line":31,"column":0},"end":{"line":31,"column":9}},"32":{"start":{"line":33,"column":0},"end":{"line":33,"column":43}},"33":{"start":{"line":34,"column":0},"end":{"line":34,"column":9}},"34":{"start":{"line":35,"column":0},"end":{"line":35,"column":25}},"35":{"start":{"line":36,"column":0},"end":{"line":36,"column":40}},"36":{"start":{"line":37,"column":0},"end":{"line":37,"column":35}},"37":{"start":{"line":38,"column":0},"end":{"line":38,"column":20}},"38":{"start":{"line":39,"column":0},"end":{"line":39,"column":50}},"39":{"start":{"line":40,"column":0},"end":{"line":40,"column":7}},"40":{"start":{"line":41,"column":0},"end":{"line":41,"column":28}},"41":{"start":{"line":42,"column":0},"end":{"line":42,"column":21}},"42":{"start":{"line":43,"column":0},"end":{"line":43,"column":71}},"43":{"start":{"line":44,"column":0},"end":{"line":44,"column":23}},"44":{"start":{"line":45,"column":0},"end":{"line":45,"column":27}},"45":{"start":{"line":46,"column":0},"end":{"line":46,"column":7}},"46":{"start":{"line":47,"column":0},"end":{"line":47,"column":18}},"47":{"start":{"line":48,"column":0},"end":{"line":48,"column":15}},"48":{"start":{"line":49,"column":0},"end":{"line":49,"column":26}},"49":{"start":{"line":50,"column":0},"end":{"line":50,"column":5}},"50":{"start":{"line":51,"column":0},"end":{"line":51,"column":9}},"52":{"start":{"line":53,"column":0},"end":{"line":53,"column":19}},"53":{"start":{"line":54,"column":0},"end":{"line":54,"column":33}},"54":{"start":{"line":55,"column":0},"end":{"line":55,"column":19}},"55":{"start":{"line":56,"column":0},"end":{"line":56,"column":26}},"56":{"start":{"line":57,"column":0},"end":{"line":57,"column":13}},"57":{"start":{"line":58,"column":0},"end":{"line":58,"column":5}},"59":{"start":{"line":60,"column":0},"end":{"line":60,"column":31}},"60":{"start":{"line":61,"column":0},"end":{"line":61,"column":32}},"61":{"start":{"line":62,"column":0},"end":{"line":62,"column":71}},"62":{"start":{"line":63,"column":0},"end":{"line":63,"column":15}},"63":{"start":{"line":64,"column":0},"end":{"line":64,"column":7}},"64":{"start":{"line":65,"column":0},"end":{"line":65,"column":56}},"65":{"start":{"line":66,"column":0},"end":{"line":66,"column":7}},"66":{"start":{"line":67,"column":0},"end":{"line":67,"column":16}},"68":{"start":{"line":69,"column":0},"end":{"line":69,"column":43}},"69":{"start":{"line":70,"column":0},"end":{"line":70,"column":9}},"70":{"start":{"line":71,"column":0},"end":{"line":71,"column":26}},"71":{"start":{"line":72,"column":0},"end":{"line":72,"column":15}},"72":{"start":{"line":73,"column":0},"end":{"line":73,"column":21}},"73":{"start":{"line":74,"column":0},"end":{"line":74,"column":25}},"74":{"start":{"line":75,"column":0},"end":{"line":75,"column":26}},"75":{"start":{"line":76,"column":0},"end":{"line":76,"column":5}},"76":{"start":{"line":77,"column":0},"end":{"line":77,"column":9}},"78":{"start":{"line":79,"column":0},"end":{"line":79,"column":50}},"79":{"start":{"line":80,"column":0},"end":{"line":80,"column":9}},"80":{"start":{"line":81,"column":0},"end":{"line":81,"column":14}},"81":{"start":{"line":82,"column":0},"end":{"line":82,"column":22}},"82":{"start":{"line":83,"column":0},"end":{"line":83,"column":12}},"83":{"start":{"line":84,"column":0},"end":{"line":84,"column":12}},"84":{"start":{"line":85,"column":0},"end":{"line":85,"column":53}},"86":{"start":{"line":87,"column":0},"end":{"line":87,"column":79}},"87":{"start":{"line":88,"column":0},"end":{"line":88,"column":1}},"89":{"start":{"line":90,"column":0},"end":{"line":90,"column":27}},"90":{"start":{"line":91,"column":0},"end":{"line":91,"column":38}},"91":{"start":{"line":92,"column":0},"end":{"line":92,"column":13}},"92":{"start":{"line":93,"column":0},"end":{"line":93,"column":64}},"93":{"start":{"line":94,"column":0},"end":{"line":94,"column":3}},"94":{"start":{"line":95,"column":0},"end":{"line":95,"column":13}},"95":{"start":{"line":96,"column":0},"end":{"line":96,"column":1}}},"s":{"0":1,"2":1,"3":1,"13":1,"15":1,"16":15,"17":15,"19":15,"20":0,"21":0,"22":0,"23":0,"24":0,"26":0,"27":0,"28":0,"29":0,"30":15,"32":15,"33":4,"34":4,"35":4,"36":3,"37":4,"38":2,"39":2,"40":3,"41":3,"42":1,"43":1,"44":1,"45":1,"46":1,"47":4,"48":4,"49":4,"50":15,"52":15,"53":6,"54":6,"55":4,"56":4,"57":4,"59":2,"60":2,"61":0,"62":0,"63":0,"64":0,"65":2,"66":15,"68":15,"69":1,"70":1,"71":1,"72":1,"73":1,"74":1,"75":1,"76":15,"78":15,"79":13,"80":13,"81":13,"82":13,"83":13,"84":15,"86":15,"87":15,"89":1,"90":17,"91":17,"92":2,"93":2,"94":15,"95":15},"branchMap":{"0":{"type":"branch","line":16,"loc":{"start":{"line":16,"column":7},"end":{"line":88,"column":1}},"locations":[{"start":{"line":16,"column":7},"end":{"line":88,"column":1}}]},"1":{"type":"branch","line":17,"loc":{"start":{"line":17,"column":57},"end":{"line":17,"column":89}},"locations":[{"start":{"line":17,"column":57},"end":{"line":17,"column":89}}]},"2":{"type":"branch","line":17,"loc":{"start":{"line":17,"column":74},"end":{"line":17,"column":85}},"locations":[{"start":{"line":17,"column":74},"end":{"line":17,"column":85}}]},"3":{"type":"branch","line":17,"loc":{"start":{"line":17,"column":77},"end":{"line":17,"column":89}},"locations":[{"start":{"line":17,"column":77},"end":{"line":17,"column":89}}]},"4":{"type":"branch","line":33,"loc":{"start":{"line":33,"column":30},"end":{"line":51,"column":5}},"locations":[{"start":{"line":33,"column":30},"end":{"line":51,"column":5}}]},"5":{"type":"branch","line":36,"loc":{"start":{"line":36,"column":38},"end":{"line":38,"column":19}},"locations":[{"start":{"line":36,"column":38},"end":{"line":38,"column":19}}]},"6":{"type":"branch","line":38,"loc":{"start":{"line":38,"column":19},"end":{"line":40,"column":7}},"locations":[{"start":{"line":38,"column":19},"end":{"line":40,"column":7}}]},"7":{"type":"branch","line":40,"loc":{"start":{"line":40,"column":6},"end":{"line":48,"column":6}},"locations":[{"start":{"line":40,"column":6},"end":{"line":48,"column":6}}]},"8":{"type":"branch","line":42,"loc":{"start":{"line":42,"column":4},"end":{"line":48,"column":6}},"locations":[{"start":{"line":42,"column":4},"end":{"line":48,"column":6}}]},"9":{"type":"branch","line":53,"loc":{"start":{"line":53,"column":12},"end":{"line":67,"column":5}},"locations":[{"start":{"line":53,"column":12},"end":{"line":67,"column":5}}]},"10":{"type":"branch","line":55,"loc":{"start":{"line":55,"column":18},"end":{"line":66,"column":7}},"locations":[{"start":{"line":55,"column":18},"end":{"line":66,"column":7}}]},"11":{"type":"branch","line":55,"loc":{"start":{"line":55,"column":18},"end":{"line":58,"column":5}},"locations":[{"start":{"line":55,"column":18},"end":{"line":58,"column":5}}]},"12":{"type":"branch","line":58,"loc":{"start":{"line":58,"column":4},"end":{"line":66,"column":7}},"locations":[{"start":{"line":58,"column":4},"end":{"line":66,"column":7}}]},"13":{"type":"branch","line":69,"loc":{"start":{"line":69,"column":30},"end":{"line":77,"column":5}},"locations":[{"start":{"line":69,"column":30},"end":{"line":77,"column":5}}]},"14":{"type":"branch","line":79,"loc":{"start":{"line":79,"column":42},"end":{"line":85,"column":6}},"locations":[{"start":{"line":79,"column":42},"end":{"line":85,"column":6}}]},"15":{"type":"branch","line":90,"loc":{"start":{"line":90,"column":7},"end":{"line":96,"column":1}},"locations":[{"start":{"line":90,"column":7},"end":{"line":96,"column":1}}]},"16":{"type":"branch","line":92,"loc":{"start":{"line":92,"column":12},"end":{"line":94,"column":3}},"locations":[{"start":{"line":92,"column":12},"end":{"line":94,"column":3}}]},"17":{"type":"branch","line":94,"loc":{"start":{"line":94,"column":2},"end":{"line":96,"column":1}},"locations":[{"start":{"line":94,"column":2},"end":{"line":96,"column":1}}]}},"b":{"0":[15],"1":[6],"2":[2],"3":[4],"4":[4],"5":[3],"6":[2],"7":[3],"8":[1],"9":[6],"10":[5],"11":[4],"12":[2],"13":[1],"14":[13],"15":[17],"16":[2],"17":[15]},"fnMap":{"0":{"name":"AuthProvider","decl":{"start":{"line":16,"column":7},"end":{"line":88,"column":1}},"loc":{"start":{"line":16,"column":7},"end":{"line":88,"column":1}},"line":16},"1":{"name":"useAuth","decl":{"start":{"line":90,"column":7},"end":{"line":96,"column":1}},"loc":{"start":{"line":90,"column":7},"end":{"line":96,"column":1}},"line":90}},"f":{"0":15,"1":17}}
,"C:\\Users\\matheus.cataneo\\MyAlbumPro\\frontend\\app\\src\\lib\\session.ts": {"path":"C:\\Users\\matheus.cataneo\\MyAlbumPro\\frontend\\app\\src\\lib\\session.ts","all":false,"statementMap":{"2":{"start":{"line":3,"column":0},"end":{"line":3,"column":31}},"4":{"start":{"line":5,"column":0},"end":{"line":5,"column":100}},"6":{"start":{"line":7,"column":0},"end":{"line":7,"column":38}},"8":{"start":{"line":9,"column":0},"end":{"line":9,"column":68}},"9":{"start":{"line":10,"column":0},"end":{"line":10,"column":18}},"10":{"start":{"line":11,"column":0},"end":{"line":11,"column":16}},"11":{"start":{"line":12,"column":0},"end":{"line":12,"column":3}},"13":{"start":{"line":14,"column":0},"end":{"line":14,"column":7}},"14":{"start":{"line":15,"column":0},"end":{"line":15,"column":64}},"18":{"start":{"line":19,"column":0},"end":{"line":19,"column":104}},"19":{"start":{"line":20,"column":0},"end":{"line":20,"column":18}},"20":{"start":{"line":21,"column":0},"end":{"line":21,"column":5}},"22":{"start":{"line":23,"column":0},"end":{"line":23,"column":26}},"23":{"start":{"line":24,"column":0},"end":{"line":24,"column":118}},"24":{"start":{"line":25,"column":0},"end":{"line":25,"column":18}},"25":{"start":{"line":26,"column":0},"end":{"line":26,"column":5}},"27":{"start":{"line":28,"column":0},"end":{"line":28,"column":12}},"28":{"start":{"line":29,"column":0},"end":{"line":29,"column":35}},"29":{"start":{"line":30,"column":0},"end":{"line":30,"column":31}},"30":{"start":{"line":31,"column":0},"end":{"line":31,"column":13}},"31":{"start":{"line":32,"column":0},"end":{"line":32,"column":28}},"32":{"start":{"line":33,"column":0},"end":{"line":33,"column":24}},"33":{"start":{"line":34,"column":0},"end":{"line":34,"column":26}},"34":{"start":{"line":35,"column":0},"end":{"line":35,"column":86}},"35":{"start":{"line":36,"column":0},"end":{"line":36,"column":8}},"36":{"start":{"line":37,"column":0},"end":{"line":37,"column":6}},"37":{"start":{"line":38,"column":0},"end":{"line":38,"column":11}},"38":{"start":{"line":39,"column":0},"end":{"line":39,"column":16}},"39":{"start":{"line":40,"column":0},"end":{"line":40,"column":3}},"40":{"start":{"line":41,"column":0},"end":{"line":41,"column":1}},"42":{"start":{"line":43,"column":0},"end":{"line":43,"column":48}},"43":{"start":{"line":44,"column":0},"end":{"line":44,"column":21}},"44":{"start":{"line":45,"column":0},"end":{"line":45,"column":16}},"45":{"start":{"line":46,"column":0},"end":{"line":46,"column":3}},"46":{"start":{"line":47,"column":0},"end":{"line":47,"column":73}},"47":{"start":{"line":48,"column":0},"end":{"line":48,"column":17}},"48":{"start":{"line":49,"column":0},"end":{"line":49,"column":48}},"49":{"start":{"line":50,"column":0},"end":{"line":50,"column":3}},"50":{"start":{"line":51,"column":0},"end":{"line":51,"column":17}},"51":{"start":{"line":52,"column":0},"end":{"line":52,"column":1}},"53":{"start":{"line":54,"column":0},"end":{"line":54,"column":50}},"54":{"start":{"line":55,"column":0},"end":{"line":55,"column":24}},"55":{"start":{"line":56,"column":0},"end":{"line":56,"column":18}},"56":{"start":{"line":57,"column":0},"end":{"line":57,"column":3}},"57":{"start":{"line":58,"column":0},"end":{"line":58,"column":29}},"58":{"start":{"line":59,"column":0},"end":{"line":59,"column":16}},"59":{"start":{"line":60,"column":0},"end":{"line":60,"column":1}},"61":{"start":{"line":62,"column":0},"end":{"line":62,"column":63}},"62":{"start":{"line":63,"column":0},"end":{"line":63,"column":19}},"63":{"start":{"line":64,"column":0},"end":{"line":64,"column":21}},"64":{"start":{"line":65,"column":0},"end":{"line":65,"column":11}},"65":{"start":{"line":66,"column":0},"end":{"line":66,"column":3}},"66":{"start":{"line":67,"column":0},"end":{"line":67,"column":16}},"67":{"start":{"line":68,"column":0},"end":{"line":68,"column":70}},"68":{"start":{"line":69,"column":0},"end":{"line":69,"column":10}},"69":{"start":{"line":70,"column":0},"end":{"line":70,"column":48}},"70":{"start":{"line":71,"column":0},"end":{"line":71,"column":3}},"71":{"start":{"line":72,"column":0},"end":{"line":72,"column":1}},"73":{"start":{"line":74,"column":0},"end":{"line":74,"column":38}},"74":{"start":{"line":75,"column":0},"end":{"line":75,"column":19}},"75":{"start":{"line":76,"column":0},"end":{"line":76,"column":1}},"77":{"start":{"line":78,"column":0},"end":{"line":78,"column":49}},"78":{"start":{"line":79,"column":0},"end":{"line":79,"column":43}},"79":{"start":{"line":80,"column":0},"end":{"line":80,"column":1}},"81":{"start":{"line":82,"column":0},"end":{"line":82,"column":57}},"82":{"start":{"line":83,"column":0},"end":{"line":83,"column":31}},"83":{"start":{"line":84,"column":0},"end":{"line":84,"column":17}},"84":{"start":{"line":85,"column":0},"end":{"line":85,"column":11}},"85":{"start":{"line":86,"column":0},"end":{"line":86,"column":3}},"86":{"start":{"line":87,"column":0},"end":{"line":87,"column":35}},"87":{"start":{"line":88,"column":0},"end":{"line":88,"column":1}},"89":{"start":{"line":90,"column":0},"end":{"line":90,"column":43}},"90":{"start":{"line":91,"column":0},"end":{"line":91,"column":16}},"91":{"start":{"line":92,"column":0},"end":{"line":92,"column":20}},"92":{"start":{"line":93,"column":0},"end":{"line":93,"column":48}},"93":{"start":{"line":94,"column":0},"end":{"line":94,"column":3}},"94":{"start":{"line":95,"column":0},"end":{"line":95,"column":1}}},"s":{"2":1,"4":1,"6":1,"8":4,"9":4,"10":2,"11":2,"13":2,"14":2,"18":4,"19":0,"20":0,"22":2,"23":4,"24":0,"25":0,"27":2,"28":2,"29":2,"30":2,"31":2,"32":2,"33":2,"34":4,"35":4,"36":4,"37":4,"38":0,"39":0,"40":4,"42":4,"43":4,"44":0,"45":0,"46":4,"47":4,"48":2,"49":2,"50":4,"51":4,"53":1,"54":20,"55":16,"56":16,"57":4,"58":4,"59":4,"61":1,"62":4,"63":4,"64":0,"65":0,"66":4,"67":4,"68":4,"69":0,"70":0,"71":4,"73":1,"74":0,"75":0,"77":1,"78":10,"79":10,"81":1,"82":0,"83":0,"84":0,"85":0,"86":0,"87":0,"89":1,"90":0,"91":0,"92":0,"93":0,"94":0},"branchMap":{"0":{"type":"branch","line":5,"loc":{"start":{"line":5,"column":18},"end":{"line":5,"column":100}},"locations":[{"start":{"line":5,"column":18},"end":{"line":5,"column":100}}]},"1":{"type":"branch","line":9,"loc":{"start":{"line":9,"column":0},"end":{"line":41,"column":1}},"locations":[{"start":{"line":9,"column":0},"end":{"line":41,"column":1}}]},"2":{"type":"branch","line":10,"loc":{"start":{"line":10,"column":17},"end":{"line":19,"column":55}},"locations":[{"start":{"line":10,"column":17},"end":{"line":19,"column":55}}]},"3":{"type":"branch","line":19,"loc":{"start":{"line":19,"column":43},"end":{"line":19,"column":92}},"locations":[{"start":{"line":19,"column":43},"end":{"line":19,"column":92}}]},"4":{"type":"branch","line":19,"loc":{"start":{"line":19,"column":80},"end":{"line":19,"column":103}},"locations":[{"start":{"line":19,"column":80},"end":{"line":19,"column":103}}]},"5":{"type":"branch","line":19,"loc":{"start":{"line":19,"column":103},"end":{"line":24,"column":52}},"locations":[{"start":{"line":19,"column":103},"end":{"line":24,"column":52}}]},"6":{"type":"branch","line":19,"loc":{"start":{"line":19,"column":103},"end":{"line":21,"column":5}},"locations":[{"start":{"line":19,"column":103},"end":{"line":21,"column":5}}]},"7":{"type":"branch","line":24,"loc":{"start":{"line":24,"column":40},"end":{"line":24,"column":85}},"locations":[{"start":{"line":24,"column":40},"end":{"line":24,"column":85}}]},"8":{"type":"branch","line":24,"loc":{"start":{"line":24,"column":73},"end":{"line":24,"column":117}},"locations":[{"start":{"line":24,"column":73},"end":{"line":24,"column":117}}]},"9":{"type":"branch","line":24,"loc":{"start":{"line":24,"column":117},"end":{"line":35,"column":76}},"locations":[{"start":{"line":24,"column":117},"end":{"line":35,"column":76}}]},"10":{"type":"branch","line":24,"loc":{"start":{"line":24,"column":117},"end":{"line":26,"column":5}},"locations":[{"start":{"line":24,"column":117},"end":{"line":26,"column":5}}]},"11":{"type":"branch","line":35,"loc":{"start":{"line":35,"column":63},"end":{"line":35,"column":86}},"locations":[{"start":{"line":35,"column":63},"end":{"line":35,"column":86}}]},"12":{"type":"branch","line":38,"loc":{"start":{"line":38,"column":2},"end":{"line":40,"column":3}},"locations":[{"start":{"line":38,"column":2},"end":{"line":40,"column":3}}]},"13":{"type":"branch","line":43,"loc":{"start":{"line":43,"column":0},"end":{"line":52,"column":1}},"locations":[{"start":{"line":43,"column":0},"end":{"line":52,"column":1}}]},"14":{"type":"branch","line":44,"loc":{"start":{"line":44,"column":20},"end":{"line":46,"column":3}},"locations":[{"start":{"line":44,"column":20},"end":{"line":46,"column":3}}]},"15":{"type":"branch","line":48,"loc":{"start":{"line":48,"column":16},"end":{"line":50,"column":3}},"locations":[{"start":{"line":48,"column":16},"end":{"line":50,"column":3}}]},"16":{"type":"branch","line":54,"loc":{"start":{"line":54,"column":7},"end":{"line":60,"column":1}},"locations":[{"start":{"line":54,"column":7},"end":{"line":60,"column":1}}]},"17":{"type":"branch","line":55,"loc":{"start":{"line":55,"column":23},"end":{"line":57,"column":3}},"locations":[{"start":{"line":55,"column":23},"end":{"line":57,"column":3}}]},"18":{"type":"branch","line":57,"loc":{"start":{"line":57,"column":2},"end":{"line":60,"column":1}},"locations":[{"start":{"line":57,"column":2},"end":{"line":60,"column":1}}]},"19":{"type":"branch","line":62,"loc":{"start":{"line":62,"column":7},"end":{"line":72,"column":1}},"locations":[{"start":{"line":62,"column":7},"end":{"line":72,"column":1}}]},"20":{"type":"branch","line":64,"loc":{"start":{"line":64,"column":20},"end":{"line":66,"column":3}},"locations":[{"start":{"line":64,"column":20},"end":{"line":66,"column":3}}]},"21":{"type":"branch","line":69,"loc":{"start":{"line":69,"column":2},"end":{"line":71,"column":3}},"locations":[{"start":{"line":69,"column":2},"end":{"line":71,"column":3}}]},"22":{"type":"branch","line":78,"loc":{"start":{"line":78,"column":7},"end":{"line":80,"column":1}},"locations":[{"start":{"line":78,"column":7},"end":{"line":80,"column":1}}]},"23":{"type":"branch","line":79,"loc":{"start":{"line":79,"column":23},"end":{"line":79,"column":43}},"locations":[{"start":{"line":79,"column":23},"end":{"line":79,"column":43}}]}},"b":{"0":[8],"1":[4],"2":[2],"3":[2],"4":[2],"5":[2],"6":[0],"7":[2],"8":[2],"9":[2],"10":[0],"11":[0],"12":[0],"13":[4],"14":[0],"15":[2],"16":[20],"17":[16],"18":[4],"19":[4],"20":[0],"21":[0],"22":[10],"23":[0]},"fnMap":{"0":{"name":"isBrowser","decl":{"start":{"line":5,"column":18},"end":{"line":5,"column":100}},"loc":{"start":{"line":5,"column":18},"end":{"line":5,"column":100}},"line":5},"1":{"name":"parseSession","decl":{"start":{"line":9,"column":0},"end":{"line":41,"column":1}},"loc":{"start":{"line":9,"column":0},"end":{"line":41,"column":1}},"line":9},"2":{"name":"readFromStorage","decl":{"start":{"line":43,"column":0},"end":{"line":52,"column":1}},"loc":{"start":{"line":43,"column":0},"end":{"line":52,"column":1}},"line":43},"3":{"name":"getSession","decl":{"start":{"line":54,"column":7},"end":{"line":60,"column":1}},"loc":{"start":{"line":54,"column":7},"end":{"line":60,"column":1}},"line":54},"4":{"name":"setSession","decl":{"start":{"line":62,"column":7},"end":{"line":72,"column":1}},"loc":{"start":{"line":62,"column":7},"end":{"line":72,"column":1}},"line":62},"5":{"name":"clearSession","decl":{"start":{"line":74,"column":7},"end":{"line":76,"column":1}},"loc":{"start":{"line":74,"column":7},"end":{"line":76,"column":1}},"line":74},"6":{"name":"getAccessToken","decl":{"start":{"line":78,"column":7},"end":{"line":80,"column":1}},"loc":{"start":{"line":78,"column":7},"end":{"line":80,"column":1}},"line":78},"7":{"name":"updateSessionUser","decl":{"start":{"line":82,"column":7},"end":{"line":88,"column":1}},"loc":{"start":{"line":82,"column":7},"end":{"line":88,"column":1}},"line":82},"8":{"name":"resetSessionState","decl":{"start":{"line":90,"column":7},"end":{"line":95,"column":1}},"loc":{"start":{"line":90,"column":7},"end":{"line":95,"column":1}},"line":90}},"f":{"0":8,"1":4,"2":4,"3":20,"4":4,"5":0,"6":10,"7":0,"8":0}}
,"C:\\Users\\matheus.cataneo\\MyAlbumPro\\frontend\\app\\src\\routes\\EditorPage.tsx": {"path":"C:\\Users\\matheus.cataneo\\MyAlbumPro\\frontend\\app\\src\\routes\\EditorPage.tsx","all":false,"statementMap":{"0":{"start":{"line":1,"column":0},"end":{"line":1,"column":67}},"1":{"start":{"line":2,"column":0},"end":{"line":2,"column":62}},"2":{"start":{"line":3,"column":0},"end":{"line":3,"column":58}},"3":{"start":{"line":4,"column":0},"end":{"line":4,"column":43}},"4":{"start":{"line":5,"column":0},"end":{"line":5,"column":62}},"5":{"start":{"line":6,"column":0},"end":{"line":6,"column":50}},"6":{"start":{"line":7,"column":0},"end":{"line":7,"column":54}},"7":{"start":{"line":8,"column":0},"end":{"line":8,"column":60}},"8":{"start":{"line":9,"column":0},"end":{"line":9,"column":62}},"9":{"start":{"line":10,"column":0},"end":{"line":10,"column":54}},"11":{"start":{"line":12,"column":0},"end":{"line":12,"column":49}},"15":{"start":{"line":16,"column":0},"end":{"line":16,"column":54}},"16":{"start":{"line":17,"column":0},"end":{"line":17,"column":10}},"17":{"start":{"line":18,"column":0},"end":{"line":18,"column":35}},"18":{"start":{"line":19,"column":0},"end":{"line":19,"column":26}},"19":{"start":{"line":20,"column":0},"end":{"line":20,"column":23}},"20":{"start":{"line":21,"column":0},"end":{"line":21,"column":33}},"21":{"start":{"line":22,"column":0},"end":{"line":22,"column":40}},"22":{"start":{"line":23,"column":0},"end":{"line":23,"column":40}},"23":{"start":{"line":24,"column":0},"end":{"line":24,"column":12}},"24":{"start":{"line":25,"column":0},"end":{"line":25,"column":7}},"25":{"start":{"line":26,"column":0},"end":{"line":26,"column":36}},"26":{"start":{"line":27,"column":0},"end":{"line":27,"column":17}},"27":{"start":{"line":28,"column":0},"end":{"line":28,"column":28}},"28":{"start":{"line":29,"column":0},"end":{"line":29,"column":103}},"29":{"start":{"line":30,"column":0},"end":{"line":30,"column":8}},"30":{"start":{"line":31,"column":0},"end":{"line":31,"column":6}},"31":{"start":{"line":32,"column":0},"end":{"line":32,"column":4}},"32":{"start":{"line":33,"column":0},"end":{"line":33,"column":1}},"34":{"start":{"line":35,"column":0},"end":{"line":35,"column":23}},"35":{"start":{"line":36,"column":0},"end":{"line":36,"column":29}},"36":{"start":{"line":37,"column":0},"end":{"line":37,"column":33}},"37":{"start":{"line":38,"column":0},"end":{"line":38,"column":46}},"38":{"start":{"line":39,"column":0},"end":{"line":39,"column":64}},"39":{"start":{"line":40,"column":0},"end":{"line":40,"column":55}},"40":{"start":{"line":41,"column":0},"end":{"line":41,"column":52}},"41":{"start":{"line":42,"column":0},"end":{"line":42,"column":51}},"42":{"start":{"line":43,"column":0},"end":{"line":43,"column":58}},"43":{"start":{"line":44,"column":0},"end":{"line":44,"column":55}},"44":{"start":{"line":45,"column":0},"end":{"line":45,"column":52}},"45":{"start":{"line":46,"column":0},"end":{"line":46,"column":53}},"47":{"start":{"line":48,"column":0},"end":{"line":48,"column":59}},"48":{"start":{"line":49,"column":0},"end":{"line":49,"column":67}},"49":{"start":{"line":50,"column":0},"end":{"line":50,"column":69}},"50":{"start":{"line":51,"column":0},"end":{"line":51,"column":75}},"51":{"start":{"line":52,"column":0},"end":{"line":52,"column":77}},"52":{"start":{"line":53,"column":0},"end":{"line":53,"column":65}},"53":{"start":{"line":54,"column":0},"end":{"line":54,"column":67}},"54":{"start":{"line":55,"column":0},"end":{"line":55,"column":53}},"55":{"start":{"line":56,"column":0},"end":{"line":56,"column":53}},"56":{"start":{"line":57,"column":0},"end":{"line":57,"column":59}},"57":{"start":{"line":58,"column":0},"end":{"line":58,"column":59}},"59":{"start":{"line":60,"column":0},"end":{"line":60,"column":37}},"60":{"start":{"line":61,"column":0},"end":{"line":61,"column":23}},"61":{"start":{"line":62,"column":0},"end":{"line":62,"column":67}},"62":{"start":{"line":63,"column":0},"end":{"line":63,"column":46}},"63":{"start":{"line":64,"column":0},"end":{"line":64,"column":15}},"64":{"start":{"line":65,"column":0},"end":{"line":65,"column":7}},"65":{"start":{"line":66,"column":0},"end":{"line":66,"column":39}},"66":{"start":{"line":67,"column":0},"end":{"line":67,"column":6}},"67":{"start":{"line":68,"column":0},"end":{"line":68,"column":15}},"68":{"start":{"line":69,"column":0},"end":{"line":69,"column":4}},"70":{"start":{"line":71,"column":0},"end":{"line":71,"column":19}},"71":{"start":{"line":72,"column":0},"end":{"line":72,"column":32}},"72":{"start":{"line":73,"column":0},"end":{"line":73,"column":44}},"73":{"start":{"line":74,"column":0},"end":{"line":74,"column":5}},"74":{"start":{"line":75,"column":0},"end":{"line":75,"column":36}},"76":{"start":{"line":77,"column":0},"end":{"line":77,"column":19}},"77":{"start":{"line":78,"column":0},"end":{"line":78,"column":16}},"78":{"start":{"line":79,"column":0},"end":{"line":79,"column":13}},"79":{"start":{"line":80,"column":0},"end":{"line":80,"column":5}},"81":{"start":{"line":82,"column":0},"end":{"line":82,"column":22}},"82":{"start":{"line":83,"column":0},"end":{"line":83,"column":27}},"83":{"start":{"line":84,"column":0},"end":{"line":84,"column":11}},"84":{"start":{"line":85,"column":0},"end":{"line":85,"column":27}},"85":{"start":{"line":86,"column":0},"end":{"line":86,"column":66}},"86":{"start":{"line":87,"column":0},"end":{"line":87,"column":46}},"87":{"start":{"line":88,"column":0},"end":{"line":88,"column":27}},"88":{"start":{"line":89,"column":0},"end":{"line":89,"column":43}},"89":{"start":{"line":90,"column":0},"end":{"line":90,"column":11}},"91":{"start":{"line":92,"column":0},"end":{"line":92,"column":22}},"92":{"start":{"line":93,"column":0},"end":{"line":93,"column":17}},"93":{"start":{"line":94,"column":0},"end":{"line":94,"column":9}},"95":{"start":{"line":96,"column":0},"end":{"line":96,"column":29}},"96":{"start":{"line":97,"column":0},"end":{"line":97,"column":31}},"97":{"start":{"line":98,"column":0},"end":{"line":98,"column":29}},"99":{"start":{"line":100,"column":0},"end":{"line":100,"column":34}},"100":{"start":{"line":101,"column":0},"end":{"line":101,"column":46}},"101":{"start":{"line":102,"column":0},"end":{"line":102,"column":30}},"102":{"start":{"line":103,"column":0},"end":{"line":103,"column":59}},"103":{"start":{"line":104,"column":0},"end":{"line":104,"column":18}},"104":{"start":{"line":105,"column":0},"end":{"line":105,"column":50}},"105":{"start":{"line":106,"column":0},"end":{"line":106,"column":11}},"106":{"start":{"line":107,"column":0},"end":{"line":107,"column":16}},"107":{"start":{"line":108,"column":0},"end":{"line":108,"column":66}},"108":{"start":{"line":109,"column":0},"end":{"line":109,"column":24}},"109":{"start":{"line":110,"column":0},"end":{"line":110,"column":19}},"110":{"start":{"line":111,"column":0},"end":{"line":111,"column":11}},"111":{"start":{"line":112,"column":0},"end":{"line":112,"column":39}},"112":{"start":{"line":113,"column":0},"end":{"line":113,"column":9}},"113":{"start":{"line":114,"column":0},"end":{"line":114,"column":21}},"114":{"start":{"line":115,"column":0},"end":{"line":115,"column":28}},"115":{"start":{"line":116,"column":0},"end":{"line":116,"column":17}},"116":{"start":{"line":117,"column":0},"end":{"line":117,"column":21}},"117":{"start":{"line":118,"column":0},"end":{"line":118,"column":30}},"118":{"start":{"line":119,"column":0},"end":{"line":119,"column":9}},"119":{"start":{"line":120,"column":0},"end":{"line":120,"column":7}},"120":{"start":{"line":121,"column":0},"end":{"line":121,"column":5}},"122":{"start":{"line":123,"column":0},"end":{"line":123,"column":11}},"123":{"start":{"line":124,"column":0},"end":{"line":124,"column":18}},"124":{"start":{"line":125,"column":0},"end":{"line":125,"column":21}},"125":{"start":{"line":126,"column":0},"end":{"line":126,"column":6}},"126":{"start":{"line":127,"column":0},"end":{"line":127,"column":32}},"128":{"start":{"line":129,"column":0},"end":{"line":129,"column":111}},"129":{"start":{"line":130,"column":0},"end":{"line":130,"column":110}},"131":{"start":{"line":132,"column":0},"end":{"line":132,"column":36}},"132":{"start":{"line":133,"column":0},"end":{"line":133,"column":30}},"133":{"start":{"line":134,"column":0},"end":{"line":134,"column":79}},"134":{"start":{"line":135,"column":0},"end":{"line":135,"column":76}},"135":{"start":{"line":136,"column":0},"end":{"line":136,"column":76}},"136":{"start":{"line":137,"column":0},"end":{"line":137,"column":49}},"137":{"start":{"line":138,"column":0},"end":{"line":138,"column":42}},"138":{"start":{"line":139,"column":0},"end":{"line":139,"column":27}},"139":{"start":{"line":140,"column":0},"end":{"line":140,"column":6}},"140":{"start":{"line":141,"column":0},"end":{"line":141,"column":30}},"141":{"start":{"line":142,"column":0},"end":{"line":142,"column":4}},"143":{"start":{"line":144,"column":0},"end":{"line":144,"column":34}},"144":{"start":{"line":145,"column":0},"end":{"line":145,"column":25}},"145":{"start":{"line":146,"column":0},"end":{"line":146,"column":9}},"146":{"start":{"line":147,"column":0},"end":{"line":147,"column":26}},"147":{"start":{"line":148,"column":0},"end":{"line":148,"column":55}},"148":{"start":{"line":149,"column":0},"end":{"line":149,"column":28}},"149":{"start":{"line":150,"column":0},"end":{"line":150,"column":21}},"150":{"start":{"line":151,"column":0},"end":{"line":151,"column":19}},"151":{"start":{"line":152,"column":0},"end":{"line":152,"column":26}},"152":{"start":{"line":153,"column":0},"end":{"line":153,"column":15}},"153":{"start":{"line":154,"column":0},"end":{"line":154,"column":24}},"154":{"start":{"line":155,"column":0},"end":{"line":155,"column":5}},"155":{"start":{"line":156,"column":0},"end":{"line":156,"column":4}},"157":{"start":{"line":158,"column":0},"end":{"line":158,"column":38}},"158":{"start":{"line":159,"column":0},"end":{"line":159,"column":25}},"159":{"start":{"line":160,"column":0},"end":{"line":160,"column":9}},"160":{"start":{"line":161,"column":0},"end":{"line":161,"column":60}},"161":{"start":{"line":162,"column":0},"end":{"line":162,"column":28}},"162":{"start":{"line":163,"column":0},"end":{"line":163,"column":21}},"163":{"start":{"line":164,"column":0},"end":{"line":164,"column":19}},"164":{"start":{"line":165,"column":0},"end":{"line":165,"column":26}},"165":{"start":{"line":166,"column":0},"end":{"line":166,"column":5}},"166":{"start":{"line":167,"column":0},"end":{"line":167,"column":4}},"168":{"start":{"line":169,"column":0},"end":{"line":169,"column":51}},"169":{"start":{"line":170,"column":0},"end":{"line":170,"column":25}},"170":{"start":{"line":171,"column":0},"end":{"line":171,"column":26}},"171":{"start":{"line":172,"column":0},"end":{"line":172,"column":4}},"173":{"start":{"line":174,"column":0},"end":{"line":174,"column":54}},"174":{"start":{"line":175,"column":0},"end":{"line":175,"column":122}},"175":{"start":{"line":176,"column":0},"end":{"line":176,"column":3}},"177":{"start":{"line":178,"column":0},"end":{"line":178,"column":61}},"179":{"start":{"line":180,"column":0},"end":{"line":180,"column":10}},"180":{"start":{"line":181,"column":0},"end":{"line":181,"column":62}},"181":{"start":{"line":182,"column":0},"end":{"line":182,"column":71}},"182":{"start":{"line":183,"column":0},"end":{"line":183,"column":22}},"183":{"start":{"line":184,"column":0},"end":{"line":184,"column":33}},"184":{"start":{"line":185,"column":0},"end":{"line":185,"column":42}},"185":{"start":{"line":186,"column":0},"end":{"line":186,"column":27}},"186":{"start":{"line":187,"column":0},"end":{"line":187,"column":27}},"187":{"start":{"line":188,"column":0},"end":{"line":188,"column":51}},"188":{"start":{"line":189,"column":0},"end":{"line":189,"column":37}},"189":{"start":{"line":190,"column":0},"end":{"line":190,"column":46}},"190":{"start":{"line":191,"column":0},"end":{"line":191,"column":29}},"191":{"start":{"line":192,"column":0},"end":{"line":192,"column":23}},"192":{"start":{"line":193,"column":0},"end":{"line":193,"column":23}},"193":{"start":{"line":194,"column":0},"end":{"line":194,"column":10}},"194":{"start":{"line":195,"column":0},"end":{"line":195,"column":109}},"195":{"start":{"line":196,"column":0},"end":{"line":196,"column":18}},"196":{"start":{"line":197,"column":0},"end":{"line":197,"column":121}},"197":{"start":{"line":198,"column":0},"end":{"line":198,"column":17}},"198":{"start":{"line":199,"column":0},"end":{"line":199,"column":59}},"199":{"start":{"line":200,"column":0},"end":{"line":200,"column":48}},"200":{"start":{"line":201,"column":0},"end":{"line":201,"column":39}},"201":{"start":{"line":202,"column":0},"end":{"line":202,"column":32}},"202":{"start":{"line":203,"column":0},"end":{"line":203,"column":95}},"204":{"start":{"line":205,"column":0},"end":{"line":205,"column":45}},"206":{"start":{"line":207,"column":0},"end":{"line":207,"column":18}},"207":{"start":{"line":208,"column":0},"end":{"line":208,"column":41}},"208":{"start":{"line":209,"column":0},"end":{"line":209,"column":27}},"209":{"start":{"line":210,"column":0},"end":{"line":210,"column":33}},"210":{"start":{"line":211,"column":0},"end":{"line":211,"column":59}},"211":{"start":{"line":212,"column":0},"end":{"line":212,"column":37}},"212":{"start":{"line":213,"column":0},"end":{"line":213,"column":35}},"213":{"start":{"line":214,"column":0},"end":{"line":214,"column":44}},"214":{"start":{"line":215,"column":0},"end":{"line":215,"column":30}},"215":{"start":{"line":216,"column":0},"end":{"line":216,"column":60}},"216":{"start":{"line":217,"column":0},"end":{"line":217,"column":19}},"218":{"start":{"line":219,"column":0},"end":{"line":219,"column":16}},"219":{"start":{"line":220,"column":0},"end":{"line":220,"column":109}},"220":{"start":{"line":221,"column":0},"end":{"line":221,"column":71}},"221":{"start":{"line":222,"column":0},"end":{"line":222,"column":47}},"222":{"start":{"line":223,"column":0},"end":{"line":223,"column":43}},"223":{"start":{"line":224,"column":0},"end":{"line":224,"column":48}},"224":{"start":{"line":225,"column":0},"end":{"line":225,"column":51}},"225":{"start":{"line":226,"column":0},"end":{"line":226,"column":21}},"226":{"start":{"line":227,"column":0},"end":{"line":227,"column":20}},"227":{"start":{"line":228,"column":0},"end":{"line":228,"column":20}},"228":{"start":{"line":229,"column":0},"end":{"line":229,"column":23}},"229":{"start":{"line":230,"column":0},"end":{"line":230,"column":14}},"230":{"start":{"line":231,"column":0},"end":{"line":231,"column":42}},"231":{"start":{"line":232,"column":0},"end":{"line":232,"column":12}},"232":{"start":{"line":233,"column":0},"end":{"line":233,"column":20}},"233":{"start":{"line":234,"column":0},"end":{"line":234,"column":25}},"234":{"start":{"line":235,"column":0},"end":{"line":235,"column":27}},"235":{"start":{"line":236,"column":0},"end":{"line":236,"column":27}},"236":{"start":{"line":237,"column":0},"end":{"line":237,"column":25}},"237":{"start":{"line":238,"column":0},"end":{"line":238,"column":45}},"238":{"start":{"line":239,"column":0},"end":{"line":239,"column":10}},"239":{"start":{"line":240,"column":0},"end":{"line":240,"column":15}},"240":{"start":{"line":241,"column":0},"end":{"line":241,"column":10}},"242":{"start":{"line":243,"column":0},"end":{"line":243,"column":1}},"244":{"start":{"line":245,"column":0},"end":{"line":245,"column":26}}},"s":{"0":1,"1":1,"2":1,"3":1,"4":1,"5":1,"6":1,"7":1,"8":1,"9":1,"11":1,"15":0,"16":0,"17":0,"18":0,"19":0,"20":0,"21":0,"22":0,"23":0,"24":0,"25":0,"26":0,"27":0,"28":0,"29":0,"30":0,"31":0,"32":0,"34":0,"35":0,"36":0,"37":0,"38":0,"39":0,"40":0,"41":0,"42":0,"43":0,"44":0,"45":0,"47":0,"48":0,"49":0,"50":0,"51":0,"52":0,"53":0,"54":0,"55":0,"56":0,"57":0,"59":0,"60":0,"61":0,"62":0,"63":0,"64":0,"65":0,"66":0,"67":0,"68":0,"70":0,"71":0,"72":0,"73":0,"74":0,"76":0,"77":0,"78":0,"79":0,"81":0,"82":0,"83":0,"84":0,"85":0,"86":0,"87":0,"88":0,"89":0,"91":0,"92":0,"93":0,"95":0,"96":0,"97":0,"99":0,"100":0,"101":0,"102":0,"103":0,"104":0,"105":0,"106":0,"107":0,"108":0,"109":0,"110":0,"111":0,"112":0,"113":0,"114":0,"115":0,"116":0,"117":0,"118":0,"119":0,"120":0,"122":0,"123":0,"124":0,"125":0,"126":0,"128":0,"129":0,"131":0,"132":0,"133":0,"134":0,"135":0,"136":0,"137":0,"138":0,"139":0,"140":0,"141":0,"143":0,"144":0,"145":0,"146":0,"147":0,"148":0,"149":0,"150":0,"151":0,"152":0,"153":0,"154":0,"155":0,"157":0,"158":0,"159":0,"160":0,"161":0,"162":0,"163":0,"164":0,"165":0,"166":0,"168":0,"169":0,"170":0,"171":0,"173":0,"174":0,"175":0,"177":0,"179":0,"180":0,"181":0,"182":0,"183":0,"184":0,"185":0,"186":0,"187":0,"188":0,"189":0,"190":0,"191":0,"192":0,"193":0,"194":0,"195":0,"196":0,"197":0,"198":0,"199":0,"200":0,"201":0,"202":0,"204":0,"206":0,"207":0,"208":0,"209":0,"210":0,"211":0,"212":0,"213":0,"214":0,"215":0,"216":0,"218":0,"219":0,"220":0,"221":0,"222":0,"223":0,"224":0,"225":0,"226":0,"227":0,"228":0,"229":0,"230":0,"231":0,"232":0,"233":0,"234":0,"235":0,"236":0,"237":0,"238":0,"239":0,"240":0,"242":0,"244":1},"branchMap":{},"b":{},"fnMap":{"0":{"name":"createEmptyProject","decl":{"start":{"line":16,"column":0},"end":{"line":33,"column":1}},"loc":{"start":{"line":16,"column":0},"end":{"line":33,"column":1}},"line":16},"1":{"name":"EditorPage","decl":{"start":{"line":35,"column":0},"end":{"line":243,"column":1}},"loc":{"start":{"line":35,"column":0},"end":{"line":243,"column":1}},"line":35}},"f":{"0":0,"1":0}}
,"C:\\Users\\matheus.cataneo\\MyAlbumPro\\frontend\\app\\src\\routes\\LoginPage.tsx": {"path":"C:\\Users\\matheus.cataneo\\MyAlbumPro\\frontend\\app\\src\\routes\\LoginPage.tsx","all":false,"statementMap":{"0":{"start":{"line":1,"column":0},"end":{"line":1,"column":54}},"1":{"start":{"line":2,"column":0},"end":{"line":2,"column":47}},"2":{"start":{"line":3,"column":0},"end":{"line":3,"column":73}},"3":{"start":{"line":4,"column":0},"end":{"line":4,"column":43}},"4":{"start":{"line":5,"column":0},"end":{"line":5,"column":49}},"6":{"start":{"line":7,"column":0},"end":{"line":7,"column":20}},"7":{"start":{"line":8,"column":0},"end":{"line":8,"column":3}},"8":{"start":{"line":9,"column":0},"end":{"line":9,"column":34}},"9":{"start":{"line":10,"column":0},"end":{"line":10,"column":91}},"10":{"start":{"line":11,"column":0},"end":{"line":11,"column":11}},"11":{"start":{"line":12,"column":0},"end":{"line":12,"column":70}},"12":{"start":{"line":13,"column":0},"end":{"line":13,"column":93}},"13":{"start":{"line":14,"column":0},"end":{"line":14,"column":93}},"14":{"start":{"line":15,"column":0},"end":{"line":15,"column":77}},"15":{"start":{"line":16,"column":0},"end":{"line":16,"column":93}},"16":{"start":{"line":17,"column":0},"end":{"line":17,"column":12}},"18":{"start":{"line":19,"column":0},"end":{"line":19,"column":4}},"19":{"start":{"line":20,"column":0},"end":{"line":20,"column":3}},"20":{"start":{"line":21,"column":0},"end":{"line":21,"column":30}},"21":{"start":{"line":22,"column":0},"end":{"line":22,"column":99}},"22":{"start":{"line":23,"column":0},"end":{"line":23,"column":11}},"23":{"start":{"line":24,"column":0},"end":{"line":24,"column":70}},"24":{"start":{"line":25,"column":0},"end":{"line":25,"column":105}},"25":{"start":{"line":26,"column":0},"end":{"line":26,"column":92}},"26":{"start":{"line":27,"column":0},"end":{"line":27,"column":106}},"27":{"start":{"line":28,"column":0},"end":{"line":28,"column":77}},"28":{"start":{"line":29,"column":0},"end":{"line":29,"column":12}},"30":{"start":{"line":31,"column":0},"end":{"line":31,"column":4}},"31":{"start":{"line":32,"column":0},"end":{"line":32,"column":3}},"32":{"start":{"line":33,"column":0},"end":{"line":33,"column":35}},"33":{"start":{"line":34,"column":0},"end":{"line":34,"column":88}},"34":{"start":{"line":35,"column":0},"end":{"line":35,"column":11}},"35":{"start":{"line":36,"column":0},"end":{"line":36,"column":70}},"36":{"start":{"line":37,"column":0},"end":{"line":37,"column":77}},"37":{"start":{"line":38,"column":0},"end":{"line":38,"column":106}},"38":{"start":{"line":39,"column":0},"end":{"line":39,"column":92}},"39":{"start":{"line":40,"column":0},"end":{"line":40,"column":107}},"40":{"start":{"line":41,"column":0},"end":{"line":41,"column":12}},"42":{"start":{"line":43,"column":0},"end":{"line":43,"column":4}},"43":{"start":{"line":44,"column":0},"end":{"line":44,"column":3}},"44":{"start":{"line":45,"column":0},"end":{"line":45,"column":37}},"45":{"start":{"line":46,"column":0},"end":{"line":46,"column":98}},"46":{"start":{"line":47,"column":0},"end":{"line":47,"column":11}},"47":{"start":{"line":48,"column":0},"end":{"line":48,"column":70}},"48":{"start":{"line":49,"column":0},"end":{"line":49,"column":78}},"49":{"start":{"line":50,"column":0},"end":{"line":50,"column":64}},"50":{"start":{"line":51,"column":0},"end":{"line":51,"column":103}},"51":{"start":{"line":52,"column":0},"end":{"line":52,"column":12}},"53":{"start":{"line":54,"column":0},"end":{"line":54,"column":4}},"54":{"start":{"line":55,"column":0},"end":{"line":55,"column":2}},"56":{"start":{"line":57,"column":0},"end":{"line":57,"column":26}},"57":{"start":{"line":58,"column":0},"end":{"line":58,"column":68}},"58":{"start":{"line":59,"column":0},"end":{"line":59,"column":90}},"59":{"start":{"line":60,"column":0},"end":{"line":60,"column":9}},"60":{"start":{"line":61,"column":0},"end":{"line":61,"column":38}},"61":{"start":{"line":62,"column":0},"end":{"line":62,"column":25}},"62":{"start":{"line":63,"column":0},"end":{"line":63,"column":20}},"63":{"start":{"line":64,"column":0},"end":{"line":64,"column":6}},"64":{"start":{"line":65,"column":0},"end":{"line":65,"column":88}},"65":{"start":{"line":66,"column":0},"end":{"line":66,"column":71}},"66":{"start":{"line":67,"column":0},"end":{"line":67,"column":73}},"67":{"start":{"line":68,"column":0},"end":{"line":68,"column":8}},"70":{"start":{"line":71,"column":0},"end":{"line":71,"column":27}},"71":{"start":{"line":72,"column":0},"end":{"line":72,"column":66}},"72":{"start":{"line":73,"column":0},"end":{"line":73,"column":140}},"73":{"start":{"line":74,"column":0},"end":{"line":74,"column":125}},"74":{"start":{"line":75,"column":0},"end":{"line":75,"column":110}},"75":{"start":{"line":76,"column":0},"end":{"line":76,"column":143}},"76":{"start":{"line":77,"column":0},"end":{"line":77,"column":8}},"79":{"start":{"line":80,"column":0},"end":{"line":80,"column":22}},"80":{"start":{"line":81,"column":0},"end":{"line":81,"column":33}},"81":{"start":{"line":82,"column":0},"end":{"line":82,"column":49}},"82":{"start":{"line":83,"column":0},"end":{"line":83,"column":58}},"83":{"start":{"line":84,"column":0},"end":{"line":84,"column":66}},"85":{"start":{"line":86,"column":0},"end":{"line":86,"column":63}},"86":{"start":{"line":87,"column":0},"end":{"line":87,"column":118}},"88":{"start":{"line":89,"column":0},"end":{"line":89,"column":19}},"89":{"start":{"line":90,"column":0},"end":{"line":90,"column":29}},"90":{"start":{"line":91,"column":0},"end":{"line":91,"column":47}},"91":{"start":{"line":92,"column":0},"end":{"line":92,"column":5}},"92":{"start":{"line":93,"column":0},"end":{"line":93,"column":34}},"94":{"start":{"line":95,"column":0},"end":{"line":95,"column":32}},"95":{"start":{"line":96,"column":0},"end":{"line":96,"column":21}},"96":{"start":{"line":97,"column":0},"end":{"line":97,"column":34}},"97":{"start":{"line":98,"column":0},"end":{"line":98,"column":20}},"98":{"start":{"line":99,"column":0},"end":{"line":99,"column":98}},"99":{"start":{"line":100,"column":0},"end":{"line":100,"column":6}},"100":{"start":{"line":101,"column":0},"end":{"line":101,"column":36}},"101":{"start":{"line":102,"column":0},"end":{"line":102,"column":77}},"102":{"start":{"line":103,"column":0},"end":{"line":103,"column":44}},"103":{"start":{"line":104,"column":0},"end":{"line":104,"column":21}},"104":{"start":{"line":105,"column":0},"end":{"line":105,"column":67}},"105":{"start":{"line":106,"column":0},"end":{"line":106,"column":15}},"106":{"start":{"line":107,"column":0},"end":{"line":107,"column":7}},"108":{"start":{"line":109,"column":0},"end":{"line":109,"column":21}},"109":{"start":{"line":110,"column":0},"end":{"line":110,"column":32}},"110":{"start":{"line":111,"column":0},"end":{"line":111,"column":11}},"111":{"start":{"line":112,"column":0},"end":{"line":112,"column":62}},"112":{"start":{"line":113,"column":0},"end":{"line":113,"column":31}},"113":{"start":{"line":114,"column":0},"end":{"line":114,"column":49}},"114":{"start":{"line":115,"column":0},"end":{"line":115,"column":21}},"115":{"start":{"line":116,"column":0},"end":{"line":116,"column":38}},"116":{"start":{"line":117,"column":0},"end":{"line":117,"column":32}},"117":{"start":{"line":118,"column":0},"end":{"line":118,"column":16}},"118":{"start":{"line":119,"column":0},"end":{"line":119,"column":70}},"119":{"start":{"line":120,"column":0},"end":{"line":120,"column":9}},"120":{"start":{"line":121,"column":0},"end":{"line":121,"column":17}},"121":{"start":{"line":122,"column":0},"end":{"line":122,"column":35}},"122":{"start":{"line":123,"column":0},"end":{"line":123,"column":7}},"123":{"start":{"line":124,"column":0},"end":{"line":124,"column":6}},"124":{"start":{"line":125,"column":0},"end":{"line":125,"column":5}},"126":{"start":{"line":127,"column":0},"end":{"line":127,"column":10}},"127":{"start":{"line":128,"column":0},"end":{"line":128,"column":71}},"128":{"start":{"line":129,"column":0},"end":{"line":129,"column":105}},"129":{"start":{"line":130,"column":0},"end":{"line":130,"column":102}},"130":{"start":{"line":131,"column":0},"end":{"line":131,"column":71}},"131":{"start":{"line":132,"column":0},"end":{"line":132,"column":89}},"132":{"start":{"line":133,"column":0},"end":{"line":133,"column":47}},"133":{"start":{"line":134,"column":0},"end":{"line":134,"column":194}},"134":{"start":{"line":135,"column":0},"end":{"line":135,"column":74}},"136":{"start":{"line":137,"column":0},"end":{"line":137,"column":18}},"137":{"start":{"line":138,"column":0},"end":{"line":138,"column":42}},"138":{"start":{"line":139,"column":0},"end":{"line":139,"column":91}},"140":{"start":{"line":141,"column":0},"end":{"line":141,"column":19}},"141":{"start":{"line":142,"column":0},"end":{"line":142,"column":52}},"144":{"start":{"line":145,"column":0},"end":{"line":145,"column":18}},"145":{"start":{"line":146,"column":0},"end":{"line":146,"column":21}},"146":{"start":{"line":147,"column":0},"end":{"line":147,"column":55}},"147":{"start":{"line":148,"column":0},"end":{"line":148,"column":41}},"148":{"start":{"line":149,"column":0},"end":{"line":149,"column":24}},"149":{"start":{"line":150,"column":0},"end":{"line":150,"column":34}},"150":{"start":{"line":151,"column":0},"end":{"line":151,"column":152}},"152":{"start":{"line":153,"column":0},"end":{"line":153,"column":124}},"153":{"start":{"line":154,"column":0},"end":{"line":154,"column":31}},"154":{"start":{"line":155,"column":0},"end":{"line":155,"column":24}},"155":{"start":{"line":156,"column":0},"end":{"line":156,"column":89}},"156":{"start":{"line":157,"column":0},"end":{"line":157,"column":83}},"157":{"start":{"line":158,"column":0},"end":{"line":158,"column":26}},"158":{"start":{"line":159,"column":0},"end":{"line":159,"column":17}},"159":{"start":{"line":160,"column":0},"end":{"line":160,"column":18}},"160":{"start":{"line":161,"column":0},"end":{"line":161,"column":16}},"161":{"start":{"line":162,"column":0},"end":{"line":162,"column":18}},"162":{"start":{"line":163,"column":0},"end":{"line":163,"column":186}},"163":{"start":{"line":164,"column":0},"end":{"line":164,"column":143}},"164":{"start":{"line":165,"column":0},"end":{"line":165,"column":78}},"165":{"start":{"line":166,"column":0},"end":{"line":166,"column":121}},"166":{"start":{"line":167,"column":0},"end":{"line":167,"column":30}},"167":{"start":{"line":168,"column":0},"end":{"line":168,"column":20}},"168":{"start":{"line":169,"column":0},"end":{"line":169,"column":41}},"169":{"start":{"line":170,"column":0},"end":{"line":170,"column":98}},"170":{"start":{"line":171,"column":0},"end":{"line":171,"column":54}},"172":{"start":{"line":173,"column":0},"end":{"line":173,"column":20}},"173":{"start":{"line":174,"column":0},"end":{"line":174,"column":20}},"174":{"start":{"line":175,"column":0},"end":{"line":175,"column":18}},"175":{"start":{"line":176,"column":0},"end":{"line":176,"column":39}},"176":{"start":{"line":177,"column":0},"end":{"line":177,"column":21}},"177":{"start":{"line":178,"column":0},"end":{"line":178,"column":29}},"178":{"start":{"line":179,"column":0},"end":{"line":179,"column":39}},"179":{"start":{"line":180,"column":0},"end":{"line":180,"column":66}},"180":{"start":{"line":181,"column":0},"end":{"line":181,"column":263}},"182":{"start":{"line":183,"column":0},"end":{"line":183,"column":147}},"183":{"start":{"line":184,"column":0},"end":{"line":184,"column":33}},"184":{"start":{"line":185,"column":0},"end":{"line":185,"column":23}},"185":{"start":{"line":186,"column":0},"end":{"line":186,"column":74}},"186":{"start":{"line":187,"column":0},"end":{"line":187,"column":23}},"187":{"start":{"line":188,"column":0},"end":{"line":188,"column":38}},"188":{"start":{"line":189,"column":0},"end":{"line":189,"column":118}},"189":{"start":{"line"
[...]
column":0},"end":{"line":153,"column":47}},"153":{"start":{"line":154,"column":0},"end":{"line":154,"column":40}},"154":{"start":{"line":155,"column":0},"end":{"line":155,"column":76}},"155":{"start":{"line":156,"column":0},"end":{"line":156,"column":27}},"156":{"start":{"line":157,"column":0},"end":{"line":157,"column":18}},"157":{"start":{"line":158,"column":0},"end":{"line":158,"column":15}},"158":{"start":{"line":159,"column":0},"end":{"line":159,"column":19}},"159":{"start":{"line":160,"column":0},"end":{"line":160,"column":10}},"160":{"start":{"line":161,"column":0},"end":{"line":161,"column":10}},"161":{"start":{"line":162,"column":0},"end":{"line":162,"column":34}},"162":{"start":{"line":163,"column":0},"end":{"line":163,"column":57}},"163":{"start":{"line":164,"column":0},"end":{"line":164,"column":47}},"164":{"start":{"line":165,"column":0},"end":{"line":165,"column":32}},"165":{"start":{"line":166,"column":0},"end":{"line":166,"column":15}},"166":{"start":{"line":167,"column":0},"end":{"line":167,"column":24}},"167":{"start":{"line":168,"column":0},"end":{"line":168,"column":47}},"168":{"start":{"line":169,"column":0},"end":{"line":169,"column":40}},"169":{"start":{"line":170,"column":0},"end":{"line":170,"column":53}},"170":{"start":{"line":171,"column":0},"end":{"line":171,"column":27}},"171":{"start":{"line":172,"column":0},"end":{"line":172,"column":18}},"172":{"start":{"line":173,"column":0},"end":{"line":173,"column":15}},"173":{"start":{"line":174,"column":0},"end":{"line":174,"column":19}},"174":{"start":{"line":175,"column":0},"end":{"line":175,"column":10}},"175":{"start":{"line":176,"column":0},"end":{"line":176,"column":10}},"176":{"start":{"line":177,"column":0},"end":{"line":177,"column":55}},"177":{"start":{"line":178,"column":0},"end":{"line":178,"column":57}},"178":{"start":{"line":179,"column":0},"end":{"line":179,"column":47}},"179":{"start":{"line":180,"column":0},"end":{"line":180,"column":32}},"180":{"start":{"line":181,"column":0},"end":{"line":181,"column":15}},"181":{"start":{"line":182,"column":0},"end":{"line":182,"column":24}},"182":{"start":{"line":183,"column":0},"end":{"line":183,"column":47}},"183":{"start":{"line":184,"column":0},"end":{"line":184,"column":40}},"184":{"start":{"line":185,"column":0},"end":{"line":185,"column":23}},"185":{"start":{"line":186,"column":0},"end":{"line":186,"column":32}},"186":{"start":{"line":187,"column":0},"end":{"line":187,"column":51}},"187":{"start":{"line":188,"column":0},"end":{"line":188,"column":51}},"188":{"start":{"line":189,"column":0},"end":{"line":189,"column":47}},"189":{"start":{"line":190,"column":0},"end":{"line":190,"column":23}},"190":{"start":{"line":191,"column":0},"end":{"line":191,"column":27}},"191":{"start":{"line":192,"column":0},"end":{"line":192,"column":18}},"192":{"start":{"line":193,"column":0},"end":{"line":193,"column":15}},"193":{"start":{"line":194,"column":0},"end":{"line":194,"column":19}},"194":{"start":{"line":195,"column":0},"end":{"line":195,"column":10}},"195":{"start":{"line":196,"column":0},"end":{"line":196,"column":10}},"196":{"start":{"line":197,"column":0},"end":{"line":197,"column":15}},"197":{"start":{"line":198,"column":0},"end":{"line":198,"column":22}},"198":{"start":{"line":199,"column":0},"end":{"line":199,"column":41}},"199":{"start":{"line":200,"column":0},"end":{"line":200,"column":23}},"200":{"start":{"line":201,"column":0},"end":{"line":201,"column":9}},"201":{"start":{"line":202,"column":0},"end":{"line":202,"column":65}},"202":{"start":{"line":203,"column":0},"end":{"line":203,"column":79}},"203":{"start":{"line":204,"column":0},"end":{"line":204,"column":83}},"204":{"start":{"line":205,"column":0},"end":{"line":205,"column":51}},"205":{"start":{"line":206,"column":0},"end":{"line":206,"column":16}},"206":{"start":{"line":207,"column":0},"end":{"line":207,"column":19}},"207":{"start":{"line":208,"column":0},"end":{"line":208,"column":42}},"208":{"start":{"line":209,"column":0},"end":{"line":209,"column":18}},"209":{"start":{"line":210,"column":0},"end":{"line":210,"column":17}},"210":{"start":{"line":211,"column":0},"end":{"line":211,"column":38}},"211":{"start":{"line":212,"column":0},"end":{"line":212,"column":37}},"212":{"start":{"line":213,"column":0},"end":{"line":213,"column":10}},"213":{"start":{"line":214,"column":0},"end":{"line":214,"column":9}},"214":{"start":{"line":215,"column":0},"end":{"line":215,"column":15}},"215":{"start":{"line":216,"column":0},"end":{"line":216,"column":22}},"216":{"start":{"line":217,"column":0},"end":{"line":217,"column":58}},"217":{"start":{"line":218,"column":0},"end":{"line":218,"column":23}},"218":{"start":{"line":219,"column":0},"end":{"line":219,"column":9}},"219":{"start":{"line":220,"column":0},"end":{"line":220,"column":45}},"220":{"start":{"line":221,"column":0},"end":{"line":221,"column":72}},"221":{"start":{"line":222,"column":0},"end":{"line":222,"column":16}},"222":{"start":{"line":223,"column":0},"end":{"line":223,"column":19}},"223":{"start":{"line":224,"column":0},"end":{"line":224,"column":38}},"224":{"start":{"line":225,"column":0},"end":{"line":225,"column":18}},"225":{"start":{"line":226,"column":0},"end":{"line":226,"column":23}},"226":{"start":{"line":227,"column":0},"end":{"line":227,"column":38}},"227":{"start":{"line":228,"column":0},"end":{"line":228,"column":35}},"228":{"start":{"line":229,"column":0},"end":{"line":229,"column":10}},"229":{"start":{"line":230,"column":0},"end":{"line":230,"column":9}},"230":{"start":{"line":231,"column":0},"end":{"line":231,"column":6}},"231":{"start":{"line":232,"column":0},"end":{"line":232,"column":2}}},"s":{"0":1,"1":1,"4":1,"6":1,"40":1,"41":7,"42":0,"43":0,"45":7,"46":7,"47":0,"48":0,"50":7,"51":7,"53":7,"54":7,"55":7,"56":7,"57":7,"58":7,"59":7,"60":7,"61":7,"63":1,"64":1,"65":6,"66":6,"67":6,"68":6,"69":6,"70":6,"71":6,"72":6,"73":6,"74":6,"75":6,"76":6,"77":6,"78":6,"79":6,"80":6,"81":1,"82":1,"83":0,"84":0,"85":0,"86":0,"87":0,"88":0,"89":0,"90":0,"91":0,"92":1,"93":1,"94":0,"95":0,"96":1,"97":1,"98":1,"99":1,"100":1,"101":1,"102":1,"103":1,"104":1,"105":6,"106":6,"107":0,"108":0,"109":0,"110":6,"111":1,"112":1,"113":1,"114":6,"115":1,"116":1,"117":1,"118":1,"119":1,"120":1,"121":1,"122":2,"123":2,"124":2,"125":2,"126":2,"127":2,"128":2,"129":2,"130":2,"132":1,"133":1,"134":0,"135":1,"136":1,"137":6,"138":2,"139":2,"140":2,"141":2,"142":2,"143":0,"144":2,"145":2,"146":2,"148":2,"149":2,"150":2,"151":2,"152":2,"153":2,"154":2,"155":0,"156":2,"157":2,"158":0,"159":2,"160":2,"161":6,"162":2,"163":2,"164":2,"165":2,"166":2,"167":2,"168":2,"169":2,"170":0,"171":2,"172":2,"173":0,"174":2,"175":2,"176":6,"177":1,"178":1,"179":1,"180":1,"181":1,"182":1,"183":1,"184":1,"185":1,"186":1,"187":1,"188":1,"189":1,"190":0,"191":1,"192":1,"193":0,"194":1,"195":1,"196":6,"197":2,"198":2,"199":0,"200":0,"201":2,"202":2,"203":2,"204":2,"205":2,"206":2,"207":2,"208":2,"209":2,"210":2,"211":2,"212":2,"213":2,"214":6,"215":1,"216":1,"217":0,"218":0,"219":1,"220":1,"221":1,"222":1,"223":1,"224":1,"225":1,"226":1,"227":1,"228":1,"229":1,"230":1,"231":1},"branchMap":{"0":{"type":"branch","line":7,"loc":{"start":{"line":7,"column":21},"end":{"line":7,"column":68}},"locations":[{"start":{"line":7,"column":21},"end":{"line":7,"column":68}}]},"1":{"type":"branch","line":41,"loc":{"start":{"line":41,"column":25},"end":{"line":62,"column":2}},"locations":[{"start":{"line":41,"column":25},"end":{"line":62,"column":2}}]},"2":{"type":"branch","line":42,"loc":{"start":{"line":42,"column":22},"end":{"line":44,"column":3}},"locations":[{"start":{"line":42,"column":22},"end":{"line":44,"column":3}}]},"3":{"type":"branch","line":47,"loc":{"start":{"line":47,"column":36},"end":{"line":49,"column":3}},"locations":[{"start":{"line":47,"column":36},"end":{"line":49,"column":3}}]},"4":{"type":"branch","line":65,"loc":{"start":{"line":65,"column":11},"end":{"line":231,"column":4}},"locations":[{"start":{"line":65,"column":11},"end":{"line":231,"column":4}}]},"5":{"type":"branch","line":73,"loc":{"start":{"line":73,"column":17},"end":{"line":80,"column":10}},"locations":[{"start":{"line":73,"column":17},"end":{"line":80,"column":10}}]},"6":{"type":"branch","line":74,"loc":{"start":{"line":74,"column":10},"end":{"line":80,"column":8}},"locations":[{"start":{"line":74,"column":10},"end":{"line":80,"column":8}}]},"7":{"type":"branch","line":81,"loc":{"start":{"line":81,"column":18},"end":{"line":105,"column":9}},"locations":[{"start":{"line":81,"column":18},"end":{"line":105,"column":9}}]},"8":{"type":"branch","line":82,"loc":{"start":{"line":82,"column":10},"end":{"line":105,"column":7}},"locations":[{"start":{"line":82,"column":10},"end":{"line":105,"column":7}}]},"9":{"type":"branch","line":83,"loc":{"start":{"line":83,"column":28},"end":{"line":92,"column":9}},"locations":[{"start":{"line":83,"column":28},"end":{"line":92,"column":9}}]},"10":{"type":"branch","line":94,"loc":{"start":{"line":94,"column":42},"end":{"line":96,"column":9}},"locations":[{"start":{"line":94,"column":42},"end":{"line":96,"column":9}}]},"11":{"type":"branch","line":106,"loc":{"start":{"line":106,"column":17},"end":{"line":106,"column":64}},"locations":[{"start":{"line":106,"column":17},"end":{"line":106,"column":64}}]},"12":{"type":"branch","line":111,"loc":{"start":{"line":111,"column":21},"end":{"line":114,"column":10}},"locations":[{"start":{"line":111,"column":21},"end":{"line":114,"column":10}}]},"13":{"type":"branch","line":112,"loc":{"start":{"line":112,"column":10},"end":{"line":114,"column":8}},"locations":[{"start":{"line":112,"column":10},"end":{"line":114,"column":8}}]},"14":{"type":"branch","line":112,"loc":{"start":{"line":112,"column":45},"end":{"line":114,"column":7}},"locations":[{"start":{"line":112,"column":45},"end":{"line":114,"column":7}}]},"15":{"type":"branch","line":115,"loc":{"start":{"line":115,"column":22},"end":{"line":137,"column":10}},"locations":[{"start":{"line":115,"column":22},"end":{"line":137,"column":10}}]},"16":{"type":"branch","line":116,"loc":{"start":{"line":116,"column":10},"end":{"line":137,"column":8}},"locations":[{"start":{"line":116,"column":10},"end":{"line":137,"column":8}}]},"17":{"type":"branch","line":116,"loc":{"start":{"line":116,"column":45},"end":{"line":137,"column":7}},"locations":[{"start":{"line":116,"column":45},"end":{"line":137,"column":7}}]},"18":{"type":"branch","line":117,"loc":{"start":{"line":117,"column":38},"end":{"line":135,"column":19}},"locations":[{"start":{"line":117,"column":38},"end":{"line":135,"column":19}}]},"19":{"type":"branch","line":134,"loc":{"start":{"line":134,"column":14},"end":{"line":135,"column":19}},"locations":[{"start":{"line":134,"column":14},"end":{"line":135,"column":19}}]},"20":{"type":"branch","line":122,"loc":{"start":{"line":122,"column":35},"end":{"line":133,"column":17}},"locations":[{"start":{"line":122,"column":35},"end":{"line":133,"column":17}}]},"21":{"type":"branch","line":123,"loc":{"start":{"line":123,"column":51},"end":{"line":123,"column":83}},"locations":[{"start":{"line":123,"column":51},"end":{"line":123,"column":83}}]},"22":{"type":"branch","line":138,"loc":{"start":{"line":138,"column":16},"end":{"line":161,"column":10}},"locations":[{"start":{"line":138,"column":16},"end":{"line":161,"column":10}}]},"23":{"type":"branch","line":139,"loc":{"start":{"line":139,"column":10},"end":{"line":161,"column":8}},"locations":[{"start":{"line":139,"column":10},"end":{"line":161,"column":8}}]},"24":{"type":"branch","line":139,"loc":{"start":{"line":139,"column":45},"end":{"line":161,"column":7}},"locations":[{"start":{"line":139,"column":45},"end":{"line":161,"column":7}}]},"25":{"type":"branch","line":140,"loc":{"start":{"line":140,"column":38},"end":{"line":147,"column":10}},"locations":[{"start":{"line":140,"column":38},"end":{"line":147,"column":10}}]},"26":{"type":"branch","line":142,"loc":{"start":{"line":142,"column":32},"end":{"line":145,"column":21}},"locations":[{"start":{"line":142,"column":32},"end":{"line":145,"column":21}}]},"27":{"type":"branch","line":143,"loc":{"start":{"line":143,"column":29},"end":{"line":144,"column":81}},"locations":[{"start":{"line":143,"column":29},"end":{"line":144,"column":81}}]},"28":{"type":"branch","line":149,"loc":{"start":{"line":149,"column":38},"end":{"line":159,"column":19}},"locations":[{"start":{"line":149,"column":38},"end":{"line":159,"column":19}}]},"29":{"type":"branch","line":158,"loc":{"start":{"line":158,"column":14},"end":{"line":159,"column":19}},"locations":[{"start":{"line":158,"column":14},"end":{"line":159,"column":19}}]},"30":{"type":"branch","line":153,"loc":{"start":{"line":153,"column":38},"end":{"line":156,"column":27}},"locations":[{"start":{"line":153,"column":38},"end":{"line":156,"column":27}}]},"31":{"type":"branch","line":155,"loc":{"start":{"line":155,"column":75},"end":{"line":156,"column":27}},"locations":[{"start":{"line":155,"column":75},"end":{"line":156,"column":27}}]},"32":{"type":"branch","line":162,"loc":{"start":{"line":162,"column":15},"end":{"line":176,"column":10}},"locations":[{"start":{"line":162,"column":15},"end":{"line":176,"column":10}}]},"33":{"type":"branch","line":163,"loc":{"start":{"line":163,"column":10},"end":{"line":176,"column":8}},"locations":[{"start":{"line":163,"column":10},"end":{"line":176,"column":8}}]},"34":{"type":"branch","line":163,"loc":{"start":{"line":163,"column":45},"end":{"line":176,"column":7}},"locations":[{"start":{"line":163,"column":45},"end":{"line":176,"column":7}}]},"35":{"type":"branch","line":164,"loc":{"start":{"line":164,"column":38},"end":{"line":174,"column":19}},"locations":[{"start":{"line":164,"column":38},"end":{"line":174,"column":19}}]},"36":{"type":"branch","line":173,"loc":{"start":{"line":173,"column":14},"end":{"line":174,"column":19}},"locations":[{"start":{"line":173,"column":14},"end":{"line":174,"column":19}}]},"37":{"type":"branch","line":168,"loc":{"start":{"line":168,"column":38},"end":{"line":171,"column":27}},"locations":[{"start":{"line":168,"column":38},"end":{"line":171,"column":27}}]},"38":{"type":"branch","line":170,"loc":{"start":{"line":170,"column":52},"end":{"line":171,"column":27}},"locations":[{"start":{"line":170,"column":52},"end":{"line":171,"column":27}}]},"39":{"type":"branch","line":177,"loc":{"start":{"line":177,"column":25},"end":{"line":196,"column":10}},"locations":[{"start":{"line":177,"column":25},"end":{"line":196,"column":10}}]},"40":{"type":"branch","line":178,"loc":{"start":{"line":178,"column":10},"end":{"line":196,"column":8}},"locations":[{"start":{"line":178,"column":10},"end":{"line":196,"column":8}}]},"41":{"type":"branch","line":178,"loc":{"start":{"line":178,"column":45},"end":{"line":196,"column":7}},"locations":[{"start":{"line":178,"column":45},"end":{"line":196,"column":7}}]},"42":{"type":"branch","line":179,"loc":{"start":{"line":179,"column":38},"end":{"line":194,"column":19}},"locations":[{"start":{"line":179,"column":38},"end":{"line":194,"column":19}}]},"43":{"type":"branch","line":193,"loc":{"start":{"line":193,"column":14},"end":{"line":194,"column":19}},"locations":[{"start":{"line":193,"column":14},"end":{"line":194,"column":19}}]},"44":{"type":"branch","line":183,"loc":{"start":{"line":183,"column":38},"end":{"line":191,"column":27}},"locations":[{"start":{"line":183,"column":38},"end":{"line":191,"column":27}}]},"45":{"type":"branch","line":190,"loc":{"start":{"line":190,"column":22},"end":{"line":191,"column":27}},"locations":[{"start":{"line":190,"column":22},"end":{"line":191,"column":27}}]},"46":{"type":"branch","line":197,"loc":{"start":{"line":197,"column":10},"end":{"line":214,"column":9}},"locations":[{"start":{"line":197,"column":10},"end":{"line":214,"column":9}}]},"47":{"type":"branch","line":198,"loc":{"start":{"line":198,"column":10},"end":{"line":214,"column":7}},"locations":[{"start":{"line":198,"column":10},"end":{"line":214,"column":7}}]},"48":{"type":"branch","line":199,"loc":{"start":{"line":199,"column":40},"end":{"line":201,"column":9}},"locations":[{"start":{"line":199,"column":40},"end":{"line":201,"column":9}}]},"49":{"type":"branch","line":203,"loc":{"start":{"line":203,"column":70},"end":{"line":203,"column":79}},"locations":[{"start":{"line":203,"column":70},"end":{"line":203,"column":79}}]},"50":{"type":"branch","line":204,"loc":{"start":{"line":204,"column":66},"end":{"line":204,"column":83}},"locations":[{"start":{"line":204,"column":66},"end":{"line":204,"column":83}}]},"51":{"type":"branch","line":215,"loc":{"start":{"line":215,"column":10},"end":{"line":230,"column":9}},"locations":[{"start":{"line":215,"column":10},"end":{"line":230,"column":9}}]},"52":{"type":"branch","line":216,"loc":{"start":{"line":216,"column":10},"end":{"line":230,"column":7}},"locations":[{"start":{"line":216,"column":10},"end":{"line":230,"column":7}}]},"53":{"type":"branch","line":217,"loc":{"start":{"line":217,"column":57},"end":{"line":219,"column":9}},"locations":[{"start":{"line":217,"column":57},"end":{"line":219,"column":9}}]}},"b":{"0":[21],"1":[7],"2":[0],"3":[0],"4":[6],"5":[6],"6":[6],"7":[1],"8":[1],"9":[0],"10":[0],"11":[1],"12":[1],"13":[1],"14":[1],"15":[1],"16":[1],"17":[1],"18":[1],"19":[0],"20":[2],"21":[2],"22":[2],"23":[2],"24":[2],"25":[2],"26":[2],"27":[0],"28":[2],"29":[0],"30":[2],"31":[0],"32":[2],"33":[2],"34":[2],"35":[2],"36":[0],"37":[2],"38":[0],"39":[1],"40":[1],"41":[1],"42":[1],"43":[0],"44":[1],"45":[0],"46":[2],"47":[2],"48":[0],"49":[0],"50":[0],"51":[1],"52":[1],"53":[0]},"fnMap":{"0":{"name":"cloneProject","decl":{"start":{"line":7,"column":21},"end":{"line":7,"column":68}},"loc":{"start":{"line":7,"column":21},"end":{"line":7,"column":68}},"line":7},"1":{"name":"applyWithHistory","decl":{"start":{"line":41,"column":25},"end":{"line":62,"column":2}},"loc":{"start":{"line":41,"column":25},"end":{"line":62,"column":2}},"line":41},"2":{"name":"loadProject","decl":{"start":{"line":73,"column":17},"end":{"line":80,"column":10}},"loc":{"start":{"line":73,"column":17},"end":{"line":80,"column":10}},"line":73},"3":{"name":"applyProject","decl":{"start":{"line":81,"column":18},"end":{"line":105,"column":9}},"loc":{"start":{"line":81,"column":18},"end":{"line":105,"column":9}},"line":81},"4":{"name":"selectAsset","decl":{"start":{"line":106,"column":17},"end":{"line":106,"column":64}},"loc":{"start":{"line":106,"column":17},"end":{"line":106,"column":64}},"line":106},"5":{"name":"toggleFullscreen","decl":{"start":{"line":107,"column":22},"end":{"line":110,"column":10}},"loc":{"start":{"line":107,"column":22},"end":{"line":110,"column":10}},"line":107},"6":{"name":"changeAlbumSize","decl":{"start":{"line":111,"column":21},"end":{"line":114,"column":10}},"loc":{"start":{"line":111,"column":21},"end":{"line":114,"column":10}},"line":111},"7":{"name":"changePageLayout","decl":{"start":{"line":115,"column":22},"end":{"line":137,"column":10}},"loc":{"start":{"line":115,"column":22},"end":{"line":137,"column":10}},"line":115},"8":{"name":"placeAsset","decl":{"start":{"line":138,"column":16},"end":{"line":161,"column":10}},"loc":{"start":{"line":138,"column":16},"end":{"line":161,"column":10}},"line":138},"9":{"name":"clearSlot","decl":{"start":{"line":162,"column":15},"end":{"line":176,"column":10}},"loc":{"start":{"line":162,"column":15},"end":{"line":176,"column":10}},"line":162},"10":{"name":"updateSlotTransform","decl":{"start":{"line":177,"column":25},"end":{"line":196,"column":10}},"loc":{"start":{"line":177,"column":25},"end":{"line":196,"column":10}},"line":177},"11":{"name":"undo","decl":{"start":{"line":197,"column":10},"end":{"line":214,"column":9}},"loc":{"start":{"line":197,"column":10},"end":{"line":214,"column":9}},"line":197},"12":{"name":"redo","decl":{"start":{"line":215,"column":10},"end":{"line":230,"column":9}},"loc":{"start":{"line":215,"column":10},"end":{"line":230,"column":9}},"line":215}},"f":{"0":21,"1":7,"2":6,"3":1,"4":1,"5":0,"6":1,"7":1,"8":2,"9":2,"10":1,"11":2,"12":1}}
}
